This is pdfTeX, Version 3.141592653-2.6-1.40.24 (TeX Live 2022) (preloaded format=pdflatex 2023.2.7)  8 MAY 2023 00:26
entering extended mode
 restricted \write18 enabled.
 file:line:error style messages enabled.
 %&-line parsing enabled.
**/Users/lunamancebo/Documents/TFG-Informatica-2.0-/LATEX/main
(/Users/lunamancebo/Documents/TFG-Informatica-2.0-/LATEX/main.tex
LaTeX2e <2021-11-15> patch level 1
L3 programming layer <2022-02-24> (./main.cls
Document Class: main 2018/06/01 v3.0 main class (EA)
Class: main v3.0 <2018/06/01> (Eloy Anguiano)
(/usr/local/texlive/2022/texmf-dist/tex/latex/base/book.cls
Document Class: book 2021/10/04 v1.4n Standard LaTeX document class
(/usr/local/texlive/2022/texmf-dist/tex/latex/base/bk10.clo
File: bk10.clo 2021/10/04 v1.4n Standard LaTeX file (size option)
)
\c@part=\count185
\c@chapter=\count186
\c@section=\count187
\c@subsection=\count188
\c@subsubsection=\count189
\c@paragraph=\count190
\c@subparagraph=\count191
\c@figure=\count192
\c@table=\count193
\abovecaptionskip=\skip47
\belowcaptionskip=\skip48
\bibindent=\dimen138
) (/usr/local/texlive/2022/texmf-dist/tex/latex/base/inputenc.sty
Package: inputenc 2021/02/14 v1.3d Input encoding file
\inpenc@prehook=\toks16
\inpenc@posthook=\toks17
) (/usr/local/texlive/2022/texmf-dist/tex/generic/babel/babel.sty
Package: babel 2022/02/26 3.73 The Babel package
\babel@savecnt=\count194
\U@D=\dimen139
\l@unhyphenated=\language87
 (/usr/local/texlive/2022/texmf-dist/tex/generic/babel/txtbabel.def)
\bbl@readstream=\read2
\bbl@dirlevel=\count195
 (/usr/local/texlive/2022/texmf-dist/tex/generic/babel-spanish/spanish.ldf
Language: spanish.ldf 2021/05/27 v5.0q Spanish support from the babel system
\es@quottoks=\toks18
\es@quotdepth=\count196
Package babel Info: Making " an active character on input line 570.
Package babel Info: Making . an active character on input line 675.
Package babel Info: Making < an active character on input line 722.
Package babel Info: Making > an active character on input line 722.
)) (/usr/local/texlive/2022/texmf-dist/tex/latex/amsmath/amsmath.sty
Package: amsmath 2021/10/15 v2.17l AMS math features
\@mathmargin=\skip49

For additional information on amsmath, use the `?' option.
(/usr/local/texlive/2022/texmf-dist/tex/latex/amsmath/amstext.sty
Package: amstext 2021/08/26 v2.01 AMS text
 (/usr/local/texlive/2022/texmf-dist/tex/latex/amsmath/amsgen.sty
File: amsgen.sty 1999/11/30 v2.0 generic functions
\@emptytoks=\toks19
\ex@=\dimen140
)) (/usr/local/texlive/2022/texmf-dist/tex/latex/amsmath/amsbsy.sty
Package: amsbsy 1999/11/29 v1.2d Bold Symbols
\pmbraise@=\dimen141
) (/usr/local/texlive/2022/texmf-dist/tex/latex/amsmath/amsopn.sty
Package: amsopn 2021/08/26 v2.02 operator names
)
\inf@bad=\count197
LaTeX Info: Redefining \frac on input line 234.
\uproot@=\count198
\leftroot@=\count199
LaTeX Info: Redefining \overline on input line 399.
\classnum@=\count266
\DOTSCASE@=\count267
LaTeX Info: Redefining \ldots on input line 496.
LaTeX Info: Redefining \dots on input line 499.
LaTeX Info: Redefining \cdots on input line 620.
\Mathstrutbox@=\box50
\strutbox@=\box51
\big@size=\dimen142
LaTeX Font Info:    Redeclaring font encoding OML on input line 743.
LaTeX Font Info:    Redeclaring font encoding OMS on input line 744.
\macc@depth=\count268
\c@MaxMatrixCols=\count269
\dotsspace@=\muskip16
\c@parentequation=\count270
\dspbrk@lvl=\count271
\tag@help=\toks20
\row@=\count272
\column@=\count273
\maxfields@=\count274
\andhelp@=\toks21
\eqnshift@=\dimen143
\alignsep@=\dimen144
\tagshift@=\dimen145
\tagwidth@=\dimen146
\totwidth@=\dimen147
\lineht@=\dimen148
\@envbody=\toks22
\multlinegap=\skip50
\multlinetaggap=\skip51
\mathdisplay@stack=\toks23
LaTeX Info: Redefining \[ on input line 2938.
LaTeX Info: Redefining \] on input line 2939.
) (/usr/local/texlive/2022/texmf-dist/tex/latex/fancyhdr/fancyhdr.sty
Package: fancyhdr 2021/01/28 v4.0.1 Extensive control of page headers and footers
\f@nch@headwidth=\skip52
\f@nch@O@elh=\skip53
\f@nch@O@erh=\skip54
\f@nch@O@olh=\skip55
\f@nch@O@orh=\skip56
\f@nch@O@elf=\skip57
\f@nch@O@erf=\skip58
\f@nch@O@olf=\skip59
\f@nch@O@orf=\skip60
) (/usr/local/texlive/2022/texmf-dist/tex/latex/fancybox/fancybox.sty
Package: fancybox 2010/05/15 1.4

Style option: `fancybox' v1.4 <2010/05/15> (tvz)
\@fancybox=\box52
\shadowsize=\dimen149
\@Sbox=\box53
\do@VerbBox=\toks24
\the@fancyput=\toks25
\this@fancyput=\toks26
\EndVerbatimTokens=\toks27
\Verbatim@Outfile=\write3
\Verbatim@Infile=\read3
) (/usr/local/texlive/2022/texmf-dist/tex/latex/caption/caption.sty
Package: caption 2022/03/01 v3.6b Customizing captions (AR)
 (/usr/local/texlive/2022/texmf-dist/tex/latex/caption/caption3.sty
Package: caption3 2022/03/17 v2.3b caption3 kernel (AR)
 (/usr/local/texlive/2022/texmf-dist/tex/latex/graphics/keyval.sty
Package: keyval 2014/10/28 v1.15 key=value parser (DPC)
\KV@toks@=\toks28
)
\caption@tempdima=\dimen150
\captionmargin=\dimen151
\caption@leftmargin=\dimen152
\caption@rightmargin=\dimen153
\caption@width=\dimen154
\caption@indent=\dimen155
\caption@parindent=\dimen156
\caption@hangindent=\dimen157
Package caption Info: Standard document class detected.
)
\c@caption@flags=\count275
\c@continuedfloat=\count276
) (/usr/local/texlive/2022/texmf-dist/tex/latex/subfigure/subfigure.sty
Package: subfigure 2002/03/15 v2.1.5 subfigure package
\subfigtopskip=\skip61
\subfigcapskip=\skip62
\subfigcaptopadj=\dimen158
\subfigbottomskip=\skip63
\subfigcapmargin=\dimen159
\subfiglabelskip=\skip64
\c@subfigure=\count277
\c@lofdepth=\count278
\c@subtable=\count279
\c@lotdepth=\count280

****************************************
* Local config file subfigure.cfg used *
****************************************
(/usr/local/texlive/2022/texmf-dist/tex/latex/subfigure/subfigure.cfg)
\subfig@top=\skip65
\subfig@bottom=\skip66
) (/usr/local/texlive/2022/texmf-dist/tex/latex/tocloft/tocloft.sty
Package: tocloft 2017/08/31 v2.3i parameterised ToC, etc., typesetting
Package tocloft Info: The document has chapter divisions on input line 51.
\cftparskip=\skip67
\cftbeforetoctitleskip=\skip68
\cftaftertoctitleskip=\skip69
\cftbeforepartskip=\skip70
\cftpartnumwidth=\skip71
\cftpartindent=\skip72
\cftbeforechapskip=\skip73
\cftchapindent=\skip74
\cftchapnumwidth=\skip75
\cftbeforesecskip=\skip76
\cftsecindent=\skip77
\cftsecnumwidth=\skip78
\cftbeforesubsecskip=\skip79
\cftsubsecindent=\skip80
\cftsubsecnumwidth=\skip81
\cftbeforesubsubsecskip=\skip82
\cftsubsubsecindent=\skip83
\cftsubsubsecnumwidth=\skip84
\cftbeforeparaskip=\skip85
\cftparaindent=\skip86
\cftparanumwidth=\skip87
\cftbeforesubparaskip=\skip88
\cftsubparaindent=\skip89
\cftsubparanumwidth=\skip90
\cftbeforeloftitleskip=\skip91
\cftafterloftitleskip=\skip92
\cftbeforefigskip=\skip93
\cftfigindent=\skip94
\cftfignumwidth=\skip95
\cftbeforelottitleskip=\skip96
\cftafterlottitleskip=\skip97
\cftbeforetabskip=\skip98
\cfttabindent=\skip99
\cfttabnumwidth=\skip100
\cftbeforesubfigskip=\skip101
\cftsubfigindent=\skip102
\cftsubfignumwidth=\skip103
\cftbeforesubtabskip=\skip104
\cftsubtabindent=\skip105
\cftsubtabnumwidth=\skip106
) (/usr/local/texlive/2022/texmf-dist/tex/latex/float/float.sty
Package: float 2001/11/08 v1.3d Float enhancements (AL)
\c@float@type=\count281
\float@exts=\toks29
\float@box=\box54
\@float@everytoks=\toks30
\@floatcapt=\box55
) (/usr/local/texlive/2022/texmf-dist/tex/latex/listings/listings.sty
\lst@mode=\count282
\lst@gtempboxa=\box56
\lst@token=\toks31
\lst@length=\count283
\lst@currlwidth=\dimen160
\lst@column=\count284
\lst@pos=\count285
\lst@lostspace=\dimen161
\lst@width=\dimen162
\lst@newlines=\count286
\lst@lineno=\count287
\lst@maxwidth=\dimen163
 (/usr/local/texlive/2022/texmf-dist/tex/latex/listings/lstmisc.sty
File: lstmisc.sty 2020/03/24 1.8d (Carsten Heinz)
\c@lstnumber=\count288
\lst@skipnumbers=\count289
\lst@framebox=\box57
) (/usr/local/texlive/2022/texmf-dist/tex/latex/listings/listings.cfg
File: listings.cfg 2020/03/24 1.8d listings configuration
))
Package: listings 2020/03/24 1.8d (Carsten Heinz)
 (/usr/local/texlive/2022/texmf-dist/tex/latex/cite/cite.sty
LaTeX Info: Redefining \cite on input line 302.
LaTeX Info: Redefining \nocite on input line 332.
Package: cite 2015/02/27  v 5.5
) (/usr/local/texlive/2022/texmf-dist/tex/latex/xcolor/xcolor.sty
Package: xcolor 2021/10/31 v2.13 LaTeX color extensions (UK)
 (/usr/local/texlive/2022/texmf-dist/tex/latex/graphics-cfg/color.cfg
File: color.cfg 2016/01/02 v1.6 sample color configuration
)
Package xcolor Info: Driver file: pdftex.def on input line 227.
 (/usr/local/texlive/2022/texmf-dist/tex/latex/graphics-def/pdftex.def
File: pdftex.def 2020/10/05 v1.2a Graphics/color driver for pdftex
)
Package xcolor Info: Model `cmy' substituted by `cmy0' on input line 1352.
Package xcolor Info: Model `hsb' substituted by `rgb' on input line 1356.
Package xcolor Info: Model `RGB' extended on input line 1368.
Package xcolor Info: Model `HTML' substituted by `rgb' on input line 1370.
Package xcolor Info: Model `Hsb' substituted by `hsb' on input line 1371.
Package xcolor Info: Model `tHsb' substituted by `hsb' on input line 1372.
Package xcolor Info: Model `HSB' substituted by `hsb' on input line 1373.
Package xcolor Info: Model `Gray' substituted by `gray' on input line 1374.
Package xcolor Info: Model `wave' substituted by `hsb' on input line 1375.
) (/usr/local/texlive/2022/texmf-dist/tex/latex/pgf/basiclayer/pgf.sty (/usr/local/texlive/2022/texmf-dist/tex/latex/pgf/utilities/pgfrcs.sty (/usr/local/texlive/2022/texmf-dist/tex/generic/pgf/utilities/pgfutil-common.tex
\pgfutil@everybye=\toks32
\pgfutil@tempdima=\dimen164
\pgfutil@tempdimb=\dimen165
 (/usr/local/texlive/2022/texmf-dist/tex/generic/pgf/utilities/pgfutil-common-lists.tex)) (/usr/local/texlive/2022/texmf-dist/tex/generic/pgf/utilities/pgfutil-latex.def
\pgfutil@abb=\box58
) (/usr/local/texlive/2022/texmf-dist/tex/generic/pgf/utilities/pgfrcs.code.tex (/usr/local/texlive/2022/texmf-dist/tex/generic/pgf/pgf.revision.tex)
Package: pgfrcs 2021/05/15 v3.1.9a (3.1.9a)
))
Package: pgf 2021/05/15 v3.1.9a (3.1.9a)
 (/usr/local/texlive/2022/texmf-dist/tex/latex/pgf/basiclayer/pgfcore.sty (/usr/local/texlive/2022/texmf-dist/tex/latex/graphics/graphicx.sty
Package: graphicx 2021/09/16 v1.2d Enhanced LaTeX Graphics (DPC,SPQR)
 (/usr/local/texlive/2022/texmf-dist/tex/latex/graphics/graphics.sty
Package: graphics 2021/03/04 v1.4d Standard LaTeX Graphics (DPC,SPQR)
 (/usr/local/texlive/2022/texmf-dist/tex/latex/graphics/trig.sty
Package: trig 2021/08/11 v1.11 sin cos tan (DPC)
) (/usr/local/texlive/2022/texmf-dist/tex/latex/graphics-cfg/graphics.cfg
File: graphics.cfg 2016/06/04 v1.11 sample graphics configuration
)
Package graphics Info: Driver file: pdftex.def on input line 107.
)
\Gin@req@height=\dimen166
\Gin@req@width=\dimen167
) (/usr/local/texlive/2022/texmf-dist/tex/latex/pgf/systemlayer/pgfsys.sty (/usr/local/texlive/2022/texmf-dist/tex/generic/pgf/systemlayer/pgfsys.code.tex
Package: pgfsys 2021/05/15 v3.1.9a (3.1.9a)
 (/usr/local/texlive/2022/texmf-dist/tex/generic/pgf/utilities/pgfkeys.code.tex
\pgfkeys@pathtoks=\toks33
\pgfkeys@temptoks=\toks34
 (/usr/local/texlive/2022/texmf-dist/tex/generic/pgf/utilities/pgfkeysfiltered.code.tex
\pgfkeys@tmptoks=\toks35
))
\pgf@x=\dimen168
\pgf@y=\dimen169
\pgf@xa=\dimen170
\pgf@ya=\dimen171
\pgf@xb=\dimen172
\pgf@yb=\dimen173
\pgf@xc=\dimen174
\pgf@yc=\dimen175
\pgf@xd=\dimen176
\pgf@yd=\dimen177
\w@pgf@writea=\write4
\r@pgf@reada=\read4
\c@pgf@counta=\count290
\c@pgf@countb=\count291
\c@pgf@countc=\count292
\c@pgf@countd=\count293
\t@pgf@toka=\toks36
\t@pgf@tokb=\toks37
\t@pgf@tokc=\toks38
\pgf@sys@id@count=\count294
 (/usr/local/texlive/2022/texmf-dist/tex/generic/pgf/systemlayer/pgf.cfg
File: pgf.cfg 2021/05/15 v3.1.9a (3.1.9a)
)
Driver file for pgf: pgfsys-pdftex.def
 (/usr/local/texlive/2022/texmf-dist/tex/generic/pgf/systemlayer/pgfsys-pdftex.def
File: pgfsys-pdftex.def 2021/05/15 v3.1.9a (3.1.9a)
 (/usr/local/texlive/2022/texmf-dist/tex/generic/pgf/systemlayer/pgfsys-common-pdf.def
File: pgfsys-common-pdf.def 2021/05/15 v3.1.9a (3.1.9a)
))) (/usr/local/texlive/2022/texmf-dist/tex/generic/pgf/systemlayer/pgfsyssoftpath.code.tex
File: pgfsyssoftpath.code.tex 2021/05/15 v3.1.9a (3.1.9a)
\pgfsyssoftpath@smallbuffer@items=\count295
\pgfsyssoftpath@bigbuffer@items=\count296
) (/usr/local/texlive/2022/texmf-dist/tex/generic/pgf/systemlayer/pgfsysprotocol.code.tex
File: pgfsysprotocol.code.tex 2021/05/15 v3.1.9a (3.1.9a)
)) (/usr/local/texlive/2022/texmf-dist/tex/generic/pgf/basiclayer/pgfcore.code.tex
Package: pgfcore 2021/05/15 v3.1.9a (3.1.9a)
 (/usr/local/texlive/2022/texmf-dist/tex/generic/pgf/math/pgfmath.code.tex (/usr/local/texlive/2022/texmf-dist/tex/generic/pgf/math/pgfmathcalc.code.tex (/usr/local/texlive/2022/texmf-dist/tex/generic/pgf/math/pgfmathutil.code.tex) (/usr/local/texlive/2022/texmf-dist/tex/generic/pgf/math/pgfmathparser.code.tex
\pgfmath@dimen=\dimen178
\pgfmath@count=\count297
\pgfmath@box=\box59
\pgfmath@toks=\toks39
\pgfmath@stack@operand=\toks40
\pgfmath@stack@operation=\toks41
) (/usr/local/texlive/2022/texmf-dist/tex/generic/pgf/math/pgfmathfunctions.code.tex (/usr/local/texlive/2022/texmf-dist/tex/generic/pgf/math/pgfmathfunctions.basic.code.tex) (/usr/local/texlive/2022/texmf-dist/tex/generic/pgf/math/pgfmathfunctions.trigonometric.code.tex) (/usr/local/texlive/2022/texmf-dist/tex/generic/pgf/math/pgfmathfunctions.random.code.tex) (/usr/local/texlive/2022/texmf-dist/tex/generic/pgf/math/pgfmathfunctions.comparison.code.tex) (/usr/local/texlive/2022/texmf-dist/tex/generic/pgf/math/pgfmathfunctions.base.code.tex) (/usr/local/texlive/2022/texmf-dist/tex/generic/pgf/math/pgfmathfunctions.round.code.tex) (/usr/local/texlive/2022/texmf-dist/tex/generic/pgf/math/pgfmathfunctions.misc.code.tex) (/usr/local/texlive/2022/texmf-dist/tex/generic/pgf/math/pgfmathfunctions.integerarithmetics.code.tex))) (/usr/local/texlive/2022/texmf-dist/tex/generic/pgf/math/pgfmathfloat.code.tex
\c@pgfmathroundto@lastzeros=\count298
)) (/usr/local/texlive/2022/texmf-dist/tex/generic/pgf/math/pgfint.code.tex) (/usr/local/texlive/2022/texmf-dist/tex/generic/pgf/basiclayer/pgfcorepoints.code.tex
File: pgfcorepoints.code.tex 2021/05/15 v3.1.9a (3.1.9a)
\pgf@picminx=\dimen179
\pgf@picmaxx=\dimen180
\pgf@picminy=\dimen181
\pgf@picmaxy=\dimen182
\pgf@pathminx=\dimen183
\pgf@pathmaxx=\dimen184
\pgf@pathminy=\dimen185
\pgf@pathmaxy=\dimen186
\pgf@xx=\dimen187
\pgf@xy=\dimen188
\pgf@yx=\dimen189
\pgf@yy=\dimen190
\pgf@zx=\dimen191
\pgf@zy=\dimen192
) (/usr/local/texlive/2022/texmf-dist/tex/generic/pgf/basiclayer/pgfcorepathconstruct.code.tex
File: pgfcorepathconstruct.code.tex 2021/05/15 v3.1.9a (3.1.9a)
\pgf@path@lastx=\dimen193
\pgf@path@lasty=\dimen194
) (/usr/local/texlive/2022/texmf-dist/tex/generic/pgf/basiclayer/pgfcorepathusage.code.tex
File: pgfcorepathusage.code.tex 2021/05/15 v3.1.9a (3.1.9a)
\pgf@shorten@end@additional=\dimen195
\pgf@shorten@start@additional=\dimen196
) (/usr/local/texlive/2022/texmf-dist/tex/generic/pgf/basiclayer/pgfcorescopes.code.tex
File: pgfcorescopes.code.tex 2021/05/15 v3.1.9a (3.1.9a)
\pgfpic=\box60
\pgf@hbox=\box61
\pgf@layerbox@main=\box62
\pgf@picture@serial@count=\count299
) (/usr/local/texlive/2022/texmf-dist/tex/generic/pgf/basiclayer/pgfcoregraphicstate.code.tex
File: pgfcoregraphicstate.code.tex 2021/05/15 v3.1.9a (3.1.9a)
\pgflinewidth=\dimen197
) (/usr/local/texlive/2022/texmf-dist/tex/generic/pgf/basiclayer/pgfcoretransformations.code.tex
File: pgfcoretransformations.code.tex 2021/05/15 v3.1.9a (3.1.9a)
\pgf@pt@x=\dimen198
\pgf@pt@y=\dimen199
\pgf@pt@temp=\dimen256
) (/usr/local/texlive/2022/texmf-dist/tex/generic/pgf/basiclayer/pgfcorequick.code.tex
File: pgfcorequick.code.tex 2021/05/15 v3.1.9a (3.1.9a)
) (/usr/local/texlive/2022/texmf-dist/tex/generic/pgf/basiclayer/pgfcoreobjects.code.tex
File: pgfcoreobjects.code.tex 2021/05/15 v3.1.9a (3.1.9a)
) (/usr/local/texlive/2022/texmf-dist/tex/generic/pgf/basiclayer/pgfcorepathprocessing.code.tex
File: pgfcorepathprocessing.code.tex 2021/05/15 v3.1.9a (3.1.9a)
) (/usr/local/texlive/2022/texmf-dist/tex/generic/pgf/basiclayer/pgfcorearrows.code.tex
File: pgfcorearrows.code.tex 2021/05/15 v3.1.9a (3.1.9a)
\pgfarrowsep=\dimen257
) (/usr/local/texlive/2022/texmf-dist/tex/generic/pgf/basiclayer/pgfcoreshade.code.tex
File: pgfcoreshade.code.tex 2021/05/15 v3.1.9a (3.1.9a)
\pgf@max=\dimen258
\pgf@sys@shading@range@num=\count300
\pgf@shadingcount=\count301
) (/usr/local/texlive/2022/texmf-dist/tex/generic/pgf/basiclayer/pgfcoreimage.code.tex
File: pgfcoreimage.code.tex 2021/05/15 v3.1.9a (3.1.9a)
 (/usr/local/texlive/2022/texmf-dist/tex/generic/pgf/basiclayer/pgfcoreexternal.code.tex
File: pgfcoreexternal.code.tex 2021/05/15 v3.1.9a (3.1.9a)
\pgfexternal@startupbox=\box63
)) (/usr/local/texlive/2022/texmf-dist/tex/generic/pgf/basiclayer/pgfcorelayers.code.tex
File: pgfcorelayers.code.tex 2021/05/15 v3.1.9a (3.1.9a)
) (/usr/local/texlive/2022/texmf-dist/tex/generic/pgf/basiclayer/pgfcoretransparency.code.tex
File: pgfcoretransparency.code.tex 2021/05/15 v3.1.9a (3.1.9a)
) (/usr/local/texlive/2022/texmf-dist/tex/generic/pgf/basiclayer/pgfcorepatterns.code.tex
File: pgfcorepatterns.code.tex 2021/05/15 v3.1.9a (3.1.9a)
) (/usr/local/texlive/2022/texmf-dist/tex/generic/pgf/basiclayer/pgfcorerdf.code.tex
File: pgfcorerdf.code.tex 2021/05/15 v3.1.9a (3.1.9a)
))) (/usr/local/texlive/2022/texmf-dist/tex/generic/pgf/modules/pgfmoduleshapes.code.tex
File: pgfmoduleshapes.code.tex 2021/05/15 v3.1.9a (3.1.9a)
\pgfnodeparttextbox=\box64
) (/usr/local/texlive/2022/texmf-dist/tex/generic/pgf/modules/pgfmoduleplot.code.tex
File: pgfmoduleplot.code.tex 2021/05/15 v3.1.9a (3.1.9a)
) (/usr/local/texlive/2022/texmf-dist/tex/latex/pgf/compatibility/pgfcomp-version-0-65.sty
Package: pgfcomp-version-0-65 2021/05/15 v3.1.9a (3.1.9a)
\pgf@nodesepstart=\dimen259
\pgf@nodesepend=\dimen260
) (/usr/local/texlive/2022/texmf-dist/tex/latex/pgf/compatibility/pgfcomp-version-1-18.sty
Package: pgfcomp-version-1-18 2021/05/15 v3.1.9a (3.1.9a)
)) (/usr/local/texlive/2022/texmf-dist/tex/latex/algorithm2e/algorithm2e.sty
Package: algorithm2e 2017/07/18 v5.2 algorithms environments
\c@AlgoLine=\count302
 (/usr/local/texlive/2022/texmf-dist/tex/latex/base/ifthen.sty
Package: ifthen 2020/11/24 v1.1c Standard LaTeX ifthen package (DPC)
)
\algocf@hangindent=\skip107
 (/usr/local/texlive/2022/texmf-dist/tex/latex/ifoddpage/ifoddpage.sty
Package: ifoddpage 2016/04/23 v1.1 Conditionals for odd/even page detection
\c@checkoddpage=\count303
) (/usr/local/texlive/2022/texmf-dist/tex/latex/tools/xspace.sty
Package: xspace 2014/10/28 v1.13 Space after command names (DPC,MH)
) (/usr/local/texlive/2022/texmf-dist/tex/latex/relsize/relsize.sty
Package: relsize 2013/03/29 ver 4.1
)
\skiptotal=\skip108
\skiplinenumber=\skip109
\skiprule=\skip110
\skiphlne=\skip111
\skiptext=\skip112
\skiplength=\skip113
\algomargin=\skip114
\skipalgocfslide=\skip115
\algowidth=\dimen261
\inoutsize=\dimen262
\inoutindent=\dimen263
\interspacetitleruled=\dimen264
\interspacealgoruled=\dimen265
\interspacetitleboxruled=\dimen266
\algocf@ruledwidth=\skip116
\algocf@inoutbox=\box65
\algocf@inputbox=\box66
\AlCapSkip=\skip117
\AlCapHSkip=\skip118
\algoskipindent=\skip119
\algocf@nlbox=\box67
\algocf@hangingbox=\box68
\algocf@untilbox=\box69
\algocf@skipuntil=\skip120
\algocf@capbox=\box70
\algocf@lcaptionbox=\skip121
\algoheightruledefault=\skip122
\algoheightrule=\skip123
\algotitleheightruledefault=\skip124
\algotitleheightrule=\skip125
\c@algocfline=\count304
\c@algocfproc=\count305
\c@algocf=\count306
\algocf@algoframe=\box71
\algocf@algobox=\box72
) (/usr/local/texlive/2022/texmf-dist/tex/latex/pgfplots/pgfplots.sty (/usr/local/texlive/2022/texmf-dist/tex/generic/pgfplots/pgfplots.revision.tex)
Package: pgfplots 2021/05/15 v1.18.1 Data Visualization (1.18.1)
 (/usr/local/texlive/2022/texmf-dist/tex/latex/pgf/frontendlayer/tikz.sty (/usr/local/texlive/2022/texmf-dist/tex/latex/pgf/utilities/pgffor.sty (/usr/local/texlive/2022/texmf-dist/tex/latex/pgf/utilities/pgfkeys.sty (/usr/local/texlive/2022/texmf-dist/tex/generic/pgf/utilities/pgfkeys.code.tex)) (/usr/local/texlive/2022/texmf-dist/tex/latex/pgf/math/pgfmath.sty (/usr/local/texlive/2022/texmf-dist/tex/generic/pgf/math/pgfmath.code.tex)) (/usr/local/texlive/2022/texmf-dist/tex/generic/pgf/utilities/pgffor.code.tex
Package: pgffor 2021/05/15 v3.1.9a (3.1.9a)
 (/usr/local/texlive/2022/texmf-dist/tex/generic/pgf/math/pgfmath.code.tex)
\pgffor@iter=\dimen267
\pgffor@skip=\dimen268
\pgffor@stack=\toks42
\pgffor@toks=\toks43
)) (/usr/local/texlive/2022/texmf-dist/tex/generic/pgf/frontendlayer/tikz/tikz.code.tex
Package: tikz 2021/05/15 v3.1.9a (3.1.9a)
 (/usr/local/texlive/2022/texmf-dist/tex/generic/pgf/libraries/pgflibraryplothandlers.code.tex
File: pgflibraryplothandlers.code.tex 2021/05/15 v3.1.9a (3.1.9a)
\pgf@plot@mark@count=\count307
\pgfplotmarksize=\dimen269
)
\tikz@lastx=\dimen270
\tikz@lasty=\dimen271
\tikz@lastxsaved=\dimen272
\tikz@lastysaved=\dimen273
\tikz@lastmovetox=\dimen274
\tikz@lastmovetoy=\dimen275
\tikzleveldistance=\dimen276
\tikzsiblingdistance=\dimen277
\tikz@figbox=\box73
\tikz@figbox@bg=\box74
\tikz@tempbox=\box75
\tikz@tempbox@bg=\box76
\tikztreelevel=\count308
\tikznumberofchildren=\count309
\tikznumberofcurrentchild=\count310
\tikz@fig@count=\count311
 (/usr/local/texlive/2022/texmf-dist/tex/generic/pgf/modules/pgfmodulematrix.code.tex
File: pgfmodulematrix.code.tex 2021/05/15 v3.1.9a (3.1.9a)
\pgfmatrixcurrentrow=\count312
\pgfmatrixcurrentcolumn=\count313
\pgf@matrix@numberofcolumns=\count314
)
\tikz@expandcount=\count315
 (/usr/local/texlive/2022/texmf-dist/tex/generic/pgf/frontendlayer/tikz/libraries/tikzlibrarytopaths.code.tex
File: tikzlibrarytopaths.code.tex 2021/05/15 v3.1.9a (3.1.9a)
))) (/usr/local/texlive/2022/texmf-dist/tex/generic/pgfplots/pgfplots.code.tex (/usr/local/texlive/2022/texmf-dist/tex/generic/pgfplots/pgfplotscore.code.tex
\t@pgfplots@toka=\toks44
\t@pgfplots@tokb=\toks45
\t@pgfplots@tokc=\toks46
\pgfplots@tmpa=\dimen278
\c@pgfplots@coordindex=\count316
\c@pgfplots@scanlineindex=\count317
 (/usr/local/texlive/2022/texmf-dist/tex/generic/pgfplots/sys/pgfplotssysgeneric.code.tex)) (/usr/local/texlive/2022/texmf-dist/tex/generic/pgfplots/libs/pgfplotslibrary.code.tex) (/usr/local/texlive/2022/texmf-dist/tex/generic/pgfplots/oldpgfcompatib/pgfplotsoldpgfsupp_loader.code.tex (/usr/local/texlive/2022/texmf-dist/tex/generic/pgf/libraries/pgflibraryfpu.code.tex)) (/usr/local/texlive/2022/texmf-dist/tex/generic/pgfplots/util/pgfplotsutil.code.tex (/usr/local/texlive/2022/texmf-dist/tex/generic/pgfplots/liststructure/pgfplotsliststructure.code.tex) (/usr/local/texlive/2022/texmf-dist/tex/generic/pgfplots/liststructure/pgfplotsliststructureext.code.tex) (/usr/local/texlive/2022/texmf-dist/tex/generic/pgfplots/liststructure/pgfplotsarray.code.tex
\c@pgfplotsarray@tmp=\count318
) (/usr/local/texlive/2022/texmf-dist/tex/generic/pgfplots/liststructure/pgfplotsmatrix.code.tex) (/usr/local/texlive/2022/texmf-dist/tex/generic/pgfplots/numtable/pgfplotstableshared.code.tex
\c@pgfplotstable@counta=\count319
\t@pgfplotstable@a=\toks47
) (/usr/local/texlive/2022/texmf-dist/tex/generic/pgfplots/liststructure/pgfplotsdeque.code.tex) (/usr/local/texlive/2022/texmf-dist/tex/generic/pgfplots/util/pgfplotsbinary.code.tex (/usr/local/texlive/2022/texmf-dist/tex/generic/pgfplots/util/pgfplotsbinary.data.code.tex)) (/usr/local/texlive/2022/texmf-dist/tex/generic/pgfplots/util/pgfplotsutil.verb.code.tex) (/usr/local/texlive/2022/texmf-dist/tex/generic/pgfplots/libs/pgflibrarypgfplots.surfshading.code.tex
\c@pgfplotslibrarysurf@no=\count320
 (/usr/local/texlive/2022/texmf-dist/tex/generic/pgfplots/sys/pgflibrarypgfplots.surfshading.pgfsys-pdftex.def))) (/usr/local/texlive/2022/texmf-dist/tex/generic/pgfplots/util/pgfplotscolormap.code.tex (/usr/local/texlive/2022/texmf-dist/tex/generic/pgfplots/util/pgfplotscolor.code.tex)) (/usr/local/texlive/2022/texmf-dist/tex/generic/pgfplots/pgfplotsstackedplots.code.tex) (/usr/local/texlive/2022/texmf-dist/tex/generic/pgfplots/pgfplotsplothandlers.code.tex (/usr/local/texlive/2022/texmf-dist/tex/generic/pgfplots/pgfplotsmeshplothandler.code.tex (/usr/local/texlive/2022/texmf-dist/tex/generic/pgfplots/pgfplotsmeshplotimage.code.tex))) (/usr/local/texlive/2022/texmf-dist/tex/generic/pgfplots/pgfplots.scaling.code.tex) (/usr/local/texlive/2022/texmf-dist/tex/generic/pgfplots/pgfplotscoordprocessing.code.tex) (/usr/local/texlive/2022/texmf-dist/tex/generic/pgfplots/pgfplots.errorbars.code.tex) (/usr/local/texlive/2022/texmf-dist/tex/generic/pgfplots/pgfplots.markers.code.tex) (/usr/local/texlive/2022/texmf-dist/tex/generic/pgfplots/pgfplotsticks.code.tex) (/usr/local/texlive/2022/texmf-dist/tex/generic/pgfplots/pgfplots.paths.code.tex) (/usr/local/texlive/2022/texmf-dist/tex/generic/pgf/frontendlayer/tikz/libraries/tikzlibrarydecorations.code.tex (/usr/local/texlive/2022/texmf-dist/tex/generic/pgf/modules/pgfmoduledecorations.code.tex
\pgfdecoratedcompleteddistance=\dimen279
\pgfdecoratedremainingdistance=\dimen280
\pgfdecoratedinputsegmentcompleteddistance=\dimen281
\pgfdecoratedinputsegmentremainingdistance=\dimen282
\pgf@decorate@distancetomove=\dimen283
\pgf@decorate@repeatstate=\count321
\pgfdecorationsegmentamplitude=\dimen284
\pgfdecorationsegmentlength=\dimen285
)
\tikz@lib@dec@box=\box77
)
(/usr/local/texlive/2022/texmf-dist/tex/generic/pgf/frontendlayer/tikz/libraries/tikzlibrarydecorations.pathmorphing.code.tex (/usr/local/texlive/2022/texmf-dist/tex/generic/pgf/libraries/decorations/pgflibrarydecorations.pathmorphing.code.tex)) (/usr/local/texlive/2022/texmf-dist/tex/generic/pgf/frontendlayer/tikz/libraries/tikzlibrarydecorations.pathreplacing.code.tex (/usr/local/texlive/2022/texmf-dist/tex/generic/pgf/libraries/decorations/pgflibrarydecorations.pathreplacing.code.tex)) (/usr/local/texlive/2022/texmf-dist/tex/generic/pgfplots/libs/tikzlibrarypgfplots.contourlua.code.tex)
\pgfplots@numplots=\count322
\pgfplots@xmin@reg=\dimen286
\pgfplots@xmax@reg=\dimen287
\pgfplots@ymin@reg=\dimen288
\pgfplots@ymax@reg=\dimen289
\pgfplots@zmin@reg=\dimen290
\pgfplots@zmax@reg=\dimen291
) (/usr/local/texlive/2022/texmf-dist/tex/generic/pgf/frontendlayer/tikz/libraries/tikzlibraryplotmarks.code.tex
File: tikzlibraryplotmarks.code.tex 2021/05/15 v3.1.9a (3.1.9a)
 (/usr/local/texlive/2022/texmf-dist/tex/generic/pgf/libraries/pgflibraryplotmarks.code.tex
File: pgflibraryplotmarks.code.tex 2021/05/15 v3.1.9a (3.1.9a)
))) (/usr/local/texlive/2022/texmf-dist/tex/latex/pgfgantt/pgfgantt.sty
Package: pgfgantt 2018/01/10 v5.0 Draw Gantt diagrams with TikZ
 (/usr/local/texlive/2022/texmf-dist/tex/generic/pgf/frontendlayer/tikz/libraries/tikzlibraryarrows.code.tex
File: tikzlibraryarrows.code.tex 2021/05/15 v3.1.9a (3.1.9a)
 (/usr/local/texlive/2022/texmf-dist/tex/generic/pgf/libraries/pgflibraryarrows.code.tex
File: pgflibraryarrows.code.tex 2021/05/15 v3.1.9a (3.1.9a)
\arrowsize=\dimen292
)) (/usr/local/texlive/2022/texmf-dist/tex/generic/pgf/frontendlayer/tikz/libraries/tikzlibrarybackgrounds.code.tex
File: tikzlibrarybackgrounds.code.tex 2021/05/15 v3.1.9a (3.1.9a)
\pgf@layerbox@background=\box78
\pgf@layerboxsaved@background=\box79
) (/usr/local/texlive/2022/texmf-dist/tex/generic/pgf/frontendlayer/tikz/libraries/tikzlibrarycalc.code.tex
File: tikzlibrarycalc.code.tex 2021/05/15 v3.1.9a (3.1.9a)
) (/usr/local/texlive/2022/texmf-dist/tex/generic/pgf/frontendlayer/tikz/libraries/tikzlibrarypatterns.code.tex
File: tikzlibrarypatterns.code.tex 2021/05/15 v3.1.9a (3.1.9a)
 (/usr/local/texlive/2022/texmf-dist/tex/generic/pgf/libraries/pgflibrarypatterns.code.tex
File: pgflibrarypatterns.code.tex 2021/05/15 v3.1.9a (3.1.9a)
)) (/usr/local/texlive/2022/texmf-dist/tex/generic/pgf/frontendlayer/tikz/libraries/tikzlibrarypositioning.code.tex
File: tikzlibrarypositioning.code.tex 2021/05/15 v3.1.9a (3.1.9a)
) (/usr/local/texlive/2022/texmf-dist/tex/generic/pgf/frontendlayer/tikz/libraries/tikzlibraryshapes.geometric.code.tex
File: tikzlibraryshapes.geometric.code.tex 2021/05/15 v3.1.9a (3.1.9a)
 (/usr/local/texlive/2022/texmf-dist/tex/generic/pgf/libraries/shapes/pgflibraryshapes.geometric.code.tex
File: pgflibraryshapes.geometric.code.tex 2021/05/15 v3.1.9a (3.1.9a)
)) (/usr/local/texlive/2022/texmf-dist/tex/latex/pgf/utilities/pgfcalendar.sty (/usr/local/texlive/2022/texmf-dist/tex/generic/pgf/utilities/pgfcalendar.code.tex
File: pgfcalendar.code.tex 2021/05/15 v3.1.9a (3.1.9a)
 (/usr/local/texlive/2022/texmf-dist/tex/generic/pgf/math/pgfint.code.tex)
\pgfcalendarcurrentjulian=\count323
\pgf@cal@easter@Y=\count324
\pgf@cal@easter@G=\count325
\pgf@cal@easter@C=\count326
\pgf@cal@easter@X=\count327
\pgf@cal@easter@Z=\count328
\pgf@cal@easter@D=\count329
\pgf@cal@easter@E=\count330
\pgf@cal@easter@N=\count331
\pgf@cal@easter@M=\count332
\pgf@cal@easter@julianday=\count333
))
\gtt@currentline=\count334
\gtt@lasttitleline=\count335
\gtt@currgrid=\count336
\gtt@chartwidth=\count337
\gtt@lasttitleslot=\count338
\gtt@elementid=\count339
\gtt@today@slot=\count340
\gtt@startjulian=\count341
\gtt@endjulian=\count342
\gtt@chartid=\count343
\gtt@vrule@slot=\count344
\gtt@calendar@slots=\count345
\gtt@calendar@weeknumber=\count346
\gtt@calendar@startofweek=\count347
\gtt@left@slot=\count348
\gtt@right@slot=\count349
) (/usr/local/texlive/2022/texmf-dist/tex/latex/gnuplottex/gnuplottex.sty
Package: gnuplottex 2020/03/19 v0.9.5 gnuplot graphs in LaTeX
 (/usr/local/texlive/2022/texmf-dist/tex/latex/moreverb/moreverb.sty
Package: moreverb 2008/06/03 v2.3a `more' verbatim facilities
 (/usr/local/texlive/2022/texmf-dist/tex/latex/tools/verbatim.sty
Package: verbatim 2020-07-07 v1.5u LaTeX2e package for verbatim enhancements
\every@verbatim=\toks48
\verbatim@line=\toks49
\verbatim@in@stream=\read5
)
\tab@position=\count350
\tab@size=\count351
\listing@line=\count352
) (/usr/local/texlive/2022/texmf-dist/tex/generic/catchfile/catchfile.sty
Package: catchfile 2019/12/09 v1.8 Catch the contents of a file (HO)
 (/usr/local/texlive/2022/texmf-dist/tex/generic/infwarerr/infwarerr.sty
Package: infwarerr 2019/12/03 v1.5 Providing info/warning/error messages (HO)
) (/usr/local/texlive/2022/texmf-dist/tex/generic/ltxcmds/ltxcmds.sty
Package: ltxcmds 2020-05-10 v1.25 LaTeX kernel commands for general use (HO)
) (/usr/local/texlive/2022/texmf-dist/tex/generic/etexcmds/etexcmds.sty
Package: etexcmds 2019/12/15 v1.7 Avoid name clashes with e-TeX commands (HO)
 (/usr/local/texlive/2022/texmf-dist/tex/generic/iftex/iftex.sty
Package: iftex 2022/02/03 v1.0f TeX engine tests
)))
\verbatim@out=\write5
runsystem(touch w18-test-20235826.tex)...disabled (restricted).

runsystem(rm -f w18-test-20235826.tex)...disabled (restricted).

runsystem(rm -f "main.gnuploterrors")...disabled (restricted).



Package gnuplottex Warning: Shell escape not enabled.
(gnuplottex)                You'll need to convert the graphs yourself.

\c@fignum=\count353
) (/usr/local/texlive/2022/texmf-dist/tex/latex/glossaries/base/glossaries.sty
Package: glossaries 2021/11/01 v4.49 (NLCT)
 (/usr/local/texlive/2022/texmf-dist/tex/latex/xkeyval/xkeyval.sty
Package: xkeyval 2020/11/20 v2.8 package option processing (HA)
 (/usr/local/texlive/2022/texmf-dist/tex/generic/xkeyval/xkeyval.tex (/usr/local/texlive/2022/texmf-dist/tex/generic/xkeyval/xkvutils.tex
\XKV@toks=\toks50
\XKV@tempa@toks=\toks51
)
\XKV@depth=\count354
File: xkeyval.tex 2014/12/03 v2.7a key=value parser (HA)
)) (/usr/local/texlive/2022/texmf-dist/tex/latex/mfirstuc/mfirstuc.sty
Package: mfirstuc 2021/10/15 v2.07 (NLCT)
 (/usr/local/texlive/2022/texmf-dist/tex/latex/etoolbox/etoolbox.sty
Package: etoolbox 2020/10/05 v2.5k e-TeX tools for LaTeX (JAW)
\etb@tempcnta=\count355
)
\@glsmfirst=\toks52
\@glsmrest=\toks53
) (/usr/local/texlive/2022/texmf-dist/tex/latex/textcase/textcase.sty
Package: textcase 2019/09/14 v1.00 Text only upper/lower case changing (DPC)
) (/usr/local/texlive/2022/texmf-dist/tex/latex/xfor/xfor.sty
Package: xfor 2009/02/05 v1.05 (NLCT)
) (/usr/local/texlive/2022/texmf-dist/tex/latex/datatool/datatool-base.sty
Package: datatool-base 2019/09/27 v2.32 (NLCT)
 (/usr/local/texlive/2022/texmf-dist/tex/latex/substr/substr.sty
Package: substr 2009/10/20 v1.2 Handle substrings
\c@su@anzahl=\count356
) (/usr/local/texlive/2022/texmf-dist/tex/latex/datatool/datatool-fp.sty
Package: datatool-fp 2019/09/27 v2.32 (NLCT)
 (/usr/local/texlive/2022/texmf-dist/tex/latex/fp/fp.sty
Package: fp 1995/04/02
 `Fixed Point Package', Version 0.8, April 2, 1995 (C) Michael Mehlich (/usr/local/texlive/2022/texmf-dist/tex/latex/fp/defpattern.sty
Package: defpattern 1994/10/12
\actioncount=\count357
) (/usr/local/texlive/2022/texmf-dist/tex/latex/fp/fp-basic.sty
Package: fp-basic 1996/05/13
\FP@xs=\count358
\FP@xia=\count359
\FP@xib=\count360
\FP@xfa=\count361
\FP@xfb=\count362
\FP@rega=\count363
\FP@regb=\count364
\FP@regs=\count365
\FP@times=\count366
) (/usr/local/texlive/2022/texmf-dist/tex/latex/fp/fp-addons.sty
Package: fp-addons 1995/03/15
) (/usr/local/texlive/2022/texmf-dist/tex/latex/fp/fp-snap.sty
Package: fp-snap 1995/04/05
) (/usr/local/texlive/2022/texmf-dist/tex/latex/fp/fp-exp.sty
Package: fp-exp 1995/04/03
) (/usr/local/texlive/2022/texmf-dist/tex/latex/fp/fp-trigo.sty
Package: fp-trigo 1995/04/14
) (/usr/local/texlive/2022/texmf-dist/tex/latex/fp/fp-pas.sty
Package: fp-pas 1994/08/29
) (/usr/local/texlive/2022/texmf-dist/tex/latex/fp/fp-random.sty
Package: fp-random 1995/02/23
\FPseed=\count367
) (/usr/local/texlive/2022/texmf-dist/tex/latex/fp/fp-eqn.sty
Package: fp-eqn 1995/04/03
) (/usr/local/texlive/2022/texmf-dist/tex/latex/fp/fp-upn.sty
Package: fp-upn 1996/10/21
) (/usr/local/texlive/2022/texmf-dist/tex/latex/fp/fp-eval.sty
Package: fp-eval 1995/04/03
)))
\@dtl@toks=\toks54
\@dtl@tmpcount=\count368
\dtl@tmplength=\skip126
\dtl@sortresult=\count369
\@dtl@numgrpsepcount=\count370
\@dtl@datatype=\count371
\dtl@codeA=\count372
\dtl@codeB=\count373
\@dtl@foreach@level=\count374
) (/usr/local/texlive/2022/texmf-dist/tex/latex/glossaries/base/glossaries-compatible-307.sty
Package: glossaries-compatible-307 2021/11/01 v4.49 (NLCT)
) (/usr/local/texlive/2022/texmf-dist/tex/latex/tracklang/tracklang.sty
Package: tracklang 2020/06/30 v1.5 (NLCT) Track Languages
 (/usr/local/texlive/2022/texmf-dist/tex/generic/tracklang/tracklang.tex)) (/usr/local/texlive/2022/texmf-dist/tex/latex/translator/translator.sty
Package: translator 2021-05-31 v1.12d Easy translation of strings in LaTeX
LaTeX Info: Redefining \translate on input line 184.
) (/usr/local/texlive/2022/texmf-dist/tex/latex/glossaries-spanish/glossaries-spanish.ldf
File: glossaries-spanish.ldf 2014/11/23 v1.0
 (/usr/local/texlive/2022/texmf-dist/tex/latex/glossaries-spanish/glossaries-spanish-utf8.ldf))
\gls@level=\count375
\@gls@tmpb=\toks55
\gls@tmplen=\skip127
\glskeylisttok=\toks56
\glslabeltok=\toks57
\glsshorttok=\toks58
\glslongtok=\toks59
 (/usr/local/texlive/2022/texmf-dist/tex/latex/glossaries/styles/glossary-hypernav.sty
Package: glossary-hypernav 2021/11/01 v4.49 (NLCT)
) (/usr/local/texlive/2022/texmf-dist/tex/latex/glossaries/styles/glossary-list.sty
Package: glossary-list 2021/11/01 v4.49 (NLCT)
\glslistdottedwidth=\skip128
) (/usr/local/texlive/2022/texmf-dist/tex/latex/glossaries/styles/glossary-long.sty
Package: glossary-long 2021/11/01 v4.49 (NLCT)
 (/usr/local/texlive/2022/texmf-dist/tex/latex/tools/longtable.sty
Package: longtable 2021-09-01 v4.17 Multi-page Table package (DPC)
\LTleft=\skip129
\LTright=\skip130
\LTpre=\skip131
\LTpost=\skip132
\LTchunksize=\count376
\LTcapwidth=\dimen293
\LT@head=\box80
\LT@firsthead=\box81
\LT@foot=\box82
\LT@lastfoot=\box83
\LT@gbox=\box84
\LT@cols=\count377
\LT@rows=\count378
\c@LT@tables=\count379
\c@LT@chunks=\count380
\LT@p@ftn=\toks60
)
\glsdescwidth=\skip133
\glspagelistwidth=\skip134
) (/usr/local/texlive/2022/texmf-dist/tex/latex/glossaries/styles/glossary-super.sty
Package: glossary-super 2021/11/01 v4.49 (NLCT)
 (/usr/local/texlive/2022/texmf-dist/tex/latex/supertabular/supertabular.sty
Package: supertabular 2020/02/02 v4.1g the supertabular environment
\c@tracingst=\count381
\ST@wd=\dimen294
\ST@rightskip=\skip135
\ST@leftskip=\skip136
\ST@parfillskip=\skip137
\ST@pageleft=\dimen295
\ST@headht=\dimen296
\ST@tailht=\dimen297
\ST@pagesofar=\dimen298
\ST@pboxht=\dimen299
\ST@lineht=\dimen300
\ST@prevht=\dimen301
\ST@toadd=\dimen302
\ST@dimen=\dimen303
\ST@pbox=\box85
)) (/usr/local/texlive/2022/texmf-dist/tex/latex/glossaries/styles/glossary-tree.sty
Package: glossary-tree 2021/11/01 v4.49 (NLCT)
\glstreeindent=\skip138
)) (/usr/local/texlive/2022/texmf-dist/tex/latex/tools/calc.sty
Package: calc 2017/05/25 v4.3 Infix arithmetic (KKT,FJ)
\calc@Acount=\count382
\calc@Bcount=\count383
\calc@Adimen=\dimen304
\calc@Bdimen=\dimen305
\calc@Askip=\skip139
\calc@Bskip=\skip140
LaTeX Info: Redefining \setlength on input line 80.
LaTeX Info: Redefining \addtolength on input line 81.
\calc@Ccount=\count384
\calc@Cskip=\skip141
) (/usr/local/texlive/2022/texmf-dist/tex/latex/base/alltt.sty
Package: alltt 2021/01/29 v2.0g defines alltt environment
) (/usr/local/texlive/2022/texmf-dist/tex/latex/base/makeidx.sty
Package: makeidx 2021/10/04 v1.0m Standard LaTeX package
) (/usr/local/texlive/2022/texmf-dist/tex/latex/base/textcomp.sty
Package: textcomp 2020/02/02 v2.0n Standard LaTeX package
) (/usr/local/texlive/2022/texmf-dist/tex/latex/psnfss/times.sty
Package: times 2020/03/25 PSNFSS-v9.3 (SPQR) 
) (/usr/local/texlive/2022/texmf-dist/tex/generic/iftex/ifpdf.sty
Package: ifpdf 2019/10/25 v3.4 ifpdf legacy package. Use iftex instead.
) (/usr/local/texlive/2022/texmf-dist/tex/latex/wrapfig/wrapfig.sty
\wrapoverhang=\dimen306
\WF@size=\dimen307
\c@WF@wrappedlines=\count385
\WF@box=\box86
\WF@everypar=\toks61
Package: wrapfig 2003/01/31  v 3.6
) (/usr/local/texlive/2022/texmf-dist/tex/latex/eurosym/eurosym.sty
Package: eurosym 1998/08/06 v1.1 European currency symbol ``Euro''
\@eurobox=\box87
) (/usr/local/texlive/2022/texmf-dist/tex/latex/tools/multicol.sty
Package: multicol 2021/10/28 v1.9b multicolumn formatting (FMi)
\c@tracingmulticols=\count386
\mult@box=\box88
\multicol@leftmargin=\dimen308
\c@unbalance=\count387
\c@collectmore=\count388
\doublecol@number=\count389
\multicoltolerance=\count390
\multicolpretolerance=\count391
\full@width=\dimen309
\page@free=\dimen310
\premulticols=\dimen311
\postmulticols=\dimen312
\multicolsep=\skip142
\multicolbaselineskip=\skip143
\partial@page=\box89
\last@line=\box90
\maxbalancingoverflow=\dimen313
\mult@rightbox=\box91
\mult@grightbox=\box92
\mult@firstbox=\box93
\mult@gfirstbox=\box94
\@tempa=\box95
\@tempa=\box96
\@tempa=\box97
\@tempa=\box98
\@tempa=\box99
\@tempa=\box100
\@tempa=\box101
\@tempa=\box102
\@tempa=\box103
\@tempa=\box104
\@tempa=\box105
\@tempa=\box106
\@tempa=\box107
\@tempa=\box108
\@tempa=\box109
\@tempa=\box110
\@tempa=\box111
\@tempa=\box112
\@tempa=\box113
\@tempa=\box114
\@tempa=\box115
\@tempa=\box116
\@tempa=\box117
\@tempa=\box118
\@tempa=\box119
\@tempa=\box120
\@tempa=\box121
\@tempa=\box122
\@tempa=\box123
\@tempa=\box124
\@tempa=\box125
\@tempa=\box126
\@tempa=\box127
\@tempa=\box128
\@tempa=\box129
\@tempa=\box130
\c@minrows=\count392
\c@columnbadness=\count393
\c@finalcolumnbadness=\count394
\last@try=\dimen314
\multicolovershoot=\dimen315
\multicolundershoot=\dimen316
\mult@nat@firstbox=\box131
\colbreak@box=\box132
\mc@col@check@num=\count395
) (/usr/local/texlive/2022/texmf-dist/tex/latex/multirow/multirow.sty
Package: multirow 2021/03/15 v2.8 Span multiple rows of a table
\multirow@colwidth=\skip144
\multirow@cntb=\count396
\multirow@dima=\skip145
\bigstrutjot=\dimen317
) (/usr/local/texlive/2022/texmf-dist/tex/latex/filecontents/filecontents.sty
Package: filecontents 2019/09/20 v1.5 Create an external file from within a LaTeX document


Package filecontents Warning: This package is obsolete. Disabling it and
(filecontents)                passing control to the filecontents environment
(filecontents)                defined by the LaTeX kernel.

) (/usr/local/texlive/2022/texmf-dist/tex/latex/hyperref/hyperref.sty
Package: hyperref 2022-02-21 v7.00n Hypertext links for LaTeX
 (/usr/local/texlive/2022/texmf-dist/tex/generic/pdftexcmds/pdftexcmds.sty
Package: pdftexcmds 2020-06-27 v0.33 Utility functions of pdfTeX for LuaTeX (HO)
Package pdftexcmds Info: \pdf@primitive is available.
Package pdftexcmds Info: \pdf@ifprimitive is available.
Package pdftexcmds Info: \pdfdraftmode found.
) (/usr/local/texlive/2022/texmf-dist/tex/generic/kvsetkeys/kvsetkeys.sty
Package: kvsetkeys 2019/12/15 v1.18 Key value parser (HO)
) (/usr/local/texlive/2022/texmf-dist/tex/generic/kvdefinekeys/kvdefinekeys.sty
Package: kvdefinekeys 2019-12-19 v1.6 Define keys (HO)
) (/usr/local/texlive/2022/texmf-dist/tex/generic/pdfescape/pdfescape.sty
Package: pdfescape 2019/12/09 v1.15 Implements pdfTeX's escape features (HO)
) (/usr/local/texlive/2022/texmf-dist/tex/latex/hycolor/hycolor.sty
Package: hycolor 2020-01-27 v1.10 Color options for hyperref/bookmark (HO)
) (/usr/local/texlive/2022/texmf-dist/tex/latex/letltxmacro/letltxmacro.sty
Package: letltxmacro 2019/12/03 v1.6 Let assignment for LaTeX macros (HO)
) (/usr/local/texlive/2022/texmf-dist/tex/latex/auxhook/auxhook.sty
Package: auxhook 2019-12-17 v1.6 Hooks for auxiliary files (HO)
) (/usr/local/texlive/2022/texmf-dist/tex/latex/kvoptions/kvoptions.sty
Package: kvoptions 2020-10-07 v3.14 Key value format for package options (HO)
)
\@linkdim=\dimen318
\Hy@linkcounter=\count397
\Hy@pagecounter=\count398
 (/usr/local/texlive/2022/texmf-dist/tex/latex/hyperref/pd1enc.def
File: pd1enc.def 2022-02-21 v7.00n Hyperref: PDFDocEncoding definition (HO)
Now handling font encoding PD1 ...
... no UTF-8 mapping file for font encoding PD1
) (/usr/local/texlive/2022/texmf-dist/tex/generic/intcalc/intcalc.sty
Package: intcalc 2019/12/15 v1.3 Expandable calculations with integers (HO)
)
\Hy@SavedSpaceFactor=\count399
 (/usr/local/texlive/2022/texmf-dist/tex/latex/hyperref/puenc.def
File: puenc.def 2022-02-21 v7.00n Hyperref: PDF Unicode definition (HO)
Now handling font encoding PU ...
... no UTF-8 mapping file for font encoding PU
)
Package hyperref Info: Option `final' set `true' on input line 4018.
Package hyperref Info: Hyper figures OFF on input line 4137.
Package hyperref Info: Link nesting OFF on input line 4142.
Package hyperref Info: Hyper index ON on input line 4145.
Package hyperref Info: Plain pages OFF on input line 4152.
Package hyperref Info: Backreferencing OFF on input line 4157.
Package hyperref Info: Implicit mode ON; LaTeX internals redefined.
Package hyperref Info: Bookmarks ON on input line 4390.
\c@Hy@tempcnt=\count400
 (/usr/local/texlive/2022/texmf-dist/tex/latex/url/url.sty
\Urlmuskip=\muskip17
Package: url 2013/09/16  ver 3.4  Verb mode for urls, etc.
)
LaTeX Info: Redefining \url on input line 4749.
\XeTeXLinkMargin=\dimen319
 (/usr/local/texlive/2022/texmf-dist/tex/generic/bitset/bitset.sty
Package: bitset 2019/12/09 v1.3 Handle bit-vector datatype (HO)
 (/usr/local/texlive/2022/texmf-dist/tex/generic/bigintcalc/bigintcalc.sty
Package: bigintcalc 2019/12/15 v1.5 Expandable calculations on big integers (HO)
))
\Fld@menulength=\count401
\Field@Width=\dimen320
\Fld@charsize=\dimen321
Package hyperref Info: Hyper figures OFF on input line 6027.
Package hyperref Info: Link nesting OFF on input line 6032.
Package hyperref Info: Hyper index ON on input line 6035.
Package hyperref Info: backreferencing OFF on input line 6042.
Package hyperref Info: Link coloring OFF on input line 6047.
Package hyperref Info: Link coloring with OCG OFF on input line 6052.
Package hyperref Info: PDF/A mode OFF on input line 6057.
LaTeX Info: Redefining \ref on input line 6097.
LaTeX Info: Redefining \pageref on input line 6101.
 (/usr/local/texlive/2022/texmf-dist/tex/latex/base/atbegshi-ltx.sty
Package: atbegshi-ltx 2021/01/10 v1.0c Emulation of the original atbegshi
package with kernel methods
)
\Hy@abspage=\count402
\c@Item=\count403
\c@Hfootnote=\count404
)
Package hyperref Info: Driver (autodetected): hpdftex.
 (/usr/local/texlive/2022/texmf-dist/tex/latex/hyperref/hpdftex.def
File: hpdftex.def 2022-02-21 v7.00n Hyperref driver for pdfTeX
 (/usr/local/texlive/2022/texmf-dist/tex/latex/base/atveryend-ltx.sty
Package: atveryend-ltx 2020/08/19 v1.0a Emulation of the original atveryend package
with kernel methods
)
\Fld@listcount=\count405
\c@bookmark@seq@number=\count406
 (/usr/local/texlive/2022/texmf-dist/tex/latex/rerunfilecheck/rerunfilecheck.sty
Package: rerunfilecheck 2019/12/05 v1.9 Rerun checks for auxiliary files (HO)
 (/usr/local/texlive/2022/texmf-dist/tex/generic/uniquecounter/uniquecounter.sty
Package: uniquecounter 2019/12/15 v1.4 Provide unlimited unique counter (HO)
)
Package uniquecounter Info: New unique counter `rerunfilecheck' on input line 286.
)
\Hy@SectionHShift=\skip146
) (/usr/local/texlive/2022/texmf-dist/tex/latex/oberdiek/twoopt.sty
Package: twoopt 2016/05/16 v1.6 Definitions with two optional arguments (HO)
) (/usr/local/texlive/2022/texmf-dist/tex/latex/cleveref/cleveref.sty
Package: cleveref 2018/03/27 v0.21.4 Intelligent cross-referencing
Package cleveref Info: `hyperref' support loaded on input line 2370.
LaTeX Info: Redefining \cref on input line 2370.
LaTeX Info: Redefining \Cref on input line 2370.
LaTeX Info: Redefining \crefrange on input line 2370.
LaTeX Info: Redefining \Crefrange on input line 2370.
LaTeX Info: Redefining \cpageref on input line 2370.
LaTeX Info: Redefining \Cpageref on input line 2370.
LaTeX Info: Redefining \cpagerefrange on input line 2370.
LaTeX Info: Redefining \Cpagerefrange on input line 2370.
LaTeX Info: Redefining \labelcref on input line 2370.
LaTeX Info: Redefining \labelcpageref on input line 2370.
Package cleveref Info: `listings' support loaded on input line 3131.
Package cleveref Info: `algorithm2e' support loaded on input line 3147.
Package cleveref Info: include cross-reference names in hyperlinks on input line 7836.
Package cleveref Info: include cross-reference names in hyperlinks on input line 7852.
Package cleveref Info: no abbreviation of names on input line 7852.
) (/usr/local/texlive/2022/texmf-dist/tex/latex/morewrites/morewrites.sty (/usr/local/texlive/2022/texmf-dist/tex/latex/l3kernel/expl3.sty
Package: expl3 2022-02-24 L3 programming layer (loader) 
 (/usr/local/texlive/2022/texmf-dist/tex/latex/l3backend/l3backend-pdftex.def
File: l3backend-pdftex.def 2022-02-07 L3 backend support: PDF output (pdfTeX)
\l__color_backend_stack_int=\count407
\l__pdf_internal_box=\box133
)) (/usr/local/texlive/2022/texmf-dist/tex/latex/morewrites/primargs.sty
Package: primargs 2018/12/29 Parsing arguments of primitives
)
Package: morewrites 2018/12/29 Always room for a new write
\g__morewrites_later_int=\count408
\l__morewrites_user_int=\count409
\g__morewrites_iow=\write6
\g__morewrites_ior=\read6
\g__morewrites_group_level_int=\count410
\g__morewrites_shipout_box=\box134
\l__morewrites_collect_next_int=\count411
\g__morewrites_alloc_write_int=\count412
) (/usr/local/texlive/2022/texmf-dist/tex/latex/etex-pkg/etex.sty
Package: etex 2016/08/01 v2.7 eTeX basic definition package (PEB,DPC)


Package etex Warning: Extended allocation already in use.
(etex)                etex.sty code will not be used.
(etex)                To force etex package to load, add
(etex)                \RequirePackage{etex}
(etex)                at the start of the document.

) (/usr/local/texlive/2022/texmf-dist/tex/latex/datetime/datetime.sty
Package: datetime 2015/03/20 v2.60 Date Time Package
 (/usr/local/texlive/2022/texmf-dist/tex/latex/fmtcount/fmtcount.sty
Package: fmtcount 2020/01/30 v3.07
 (/usr/local/texlive/2022/texmf-dist/tex/latex/fmtcount/fcprefix.sty
Package: fcprefix 2012/09/28
 (/usr/local/texlive/2022/texmf-dist/tex/latex/fmtcount/fcnumparser.sty
Package: fcnumparser 2017/06/15
\fc@digit@counter=\count413
))
\c@padzeroesN=\count414
\fc@tmpcatcode=\count415
\@DT@modctr=\count416
\@ordinalctr=\count417
\@orgargctr=\count418
\@strctr=\count419
\@tmpstrctr=\count420
\@DT@loopN=\count421
\@DT@X=\count422
) (/usr/local/texlive/2022/texmf-dist/tex/latex/datetime/datetime-defaults.sty
Package: datetime-defaults 2013/09/10
)
\@day=\count423
\@month=\count424
\@year=\count425
\c@HOUR=\count426
\c@HOURXII=\count427
\c@MINUTE=\count428
\c@TOHOUR=\count429
\c@TOMINUTE=\count430
\c@SECOND=\count431
\currenthour=\count432
\currentminute=\count433
\currentsecond=\count434
Package datetime Info: No datetime.cfg file found, using default settings on input line 308.
\@dtctr=\count435
\dayofyear=\count436
\dayofweek=\count437
LaTeX Info: Redefining \today on input line 736.
 (/usr/local/texlive/2022/texmf-dist/tex/latex/datetime/dt-spanish.def
File: dt-spanish.def 2013/09/10
LaTeX Info: Redefining \datespanish on input line 85.
)
\dt@a=\toks62
\dt@b=\toks63
) (/usr/local/texlive/2022/texmf-dist/tex/latex/lipsum/lipsum.sty (/usr/local/texlive/2022/texmf-dist/tex/latex/l3packages/l3keys2e/l3keys2e.sty
Package: l3keys2e 2022-01-12 LaTeX2e option processing using LaTeX3 keys
)
Package: lipsum 2021-09-20 v2.7 150 paragraphs of Lorem Ipsum dummy text
\g__lipsum_par_int=\count438
\l__lipsum_a_int=\count439
\l__lipsum_b_int=\count440
 (/usr/local/texlive/2022/texmf-dist/tex/latex/lipsum/lipsum.ltd.tex))
\myex=\skip147
\myem=\skip148
\mypt=\skip149
\c@@ploti=\count441
Package hyperref Info: Option `pdfnewwindow' set `true' on input line 451.
Package hyperref Info: Option `unicode' set `false' on input line 451.
Package hyperref Info: Option `pdftoolbar' set `true' on input line 451.
Package hyperref Info: Option `pdfmenubar' set `true' on input line 451.
Package hyperref Info: Option `pdffitwindow' set `false' on input line 451.
Package hyperref Info: Option `pdfnewwindow' set `true' on input line 451.
Package hyperref Info: Option `colorlinks' set `true' on input line 451.
Package hyperref Info: Option `breaklinks' set `true' on input line 451.

Colors defined
\exposa=\skip150
\exposb=\skip151
\exposc=\skip152
\chapterheight=\skip153
\c@appendixc=\count442
\bibspace=\dimen322
\@orx=\skip154
\@ory=\skip155
\@qw=\skip156
\@bw=\skip157
\@sbw=\skip158
\@tbw=\skip159
\@sw=\skip160
\@pxo=\skip161
\@pyt=\skip162
\@pyth=\skip163
\@pyf=\skip164
\@pyfv=\skip165
\@pxs=\skip166
\@pys=\skip167
\@pxsi=\skip168
\@pysi=\skip169
\@pwsi=\skip170
\@excpx=\skip171
\@excpy=\skip172
\@excw=\skip173
\@posg=\skip174
\@imgx=\skip175
\@imgy=\skip176
\@imgw=\skip177
\@pxe=\skip178
\@pye=\skip179
\@pyes=\skip180
\@pxei=\skip181
\@pyei=\skip182
\@pwei=\skip183
\@posxt=\skip184
\@posyt=\skip185
\@posytt=\skip186
\@posyttt=\skip187
\@poswttt=\skip188
\@posyuam=\skip189
\@posxwww=\skip190
\@posywww=\skip191
\@pxdata=\skip192
\@pydata=\skip193

LaTeX Info: File `main.ist' already exists on the system.
            Not generating it from this source.

\@indexfile=\write19
\openout6 = `main.idx'.

Writing index file main.idx
\glswrite=\write20
\glo@main@file=\write21
\openout6 = `main.glo'.

Package glossaries Info: Writing glossary file main.glo on input line 3292.
\glo@acronym@file=\write22
\openout6 = `main.acn'.

Package glossaries Info: Writing glossary file main.acn on input line 3292.
) (/usr/local/texlive/2022/texmf-dist/tex/latex/pdfpages/pdfpages.sty
Package: pdfpages 2022/01/29 v0.5u Insert pages of external PDF documents (AM)
 (/usr/local/texlive/2022/texmf-dist/tex/latex/eso-pic/eso-pic.sty
Package: eso-pic 2020/10/14 v3.0a eso-pic (RN)
\ESO@tempdima=\dimen323
\ESO@tempdimb=\dimen324
)
\AM@pagewidth=\dimen325
\AM@pageheight=\dimen326
\AM@fboxrule=\dimen327
 (/usr/local/texlive/2022/texmf-dist/tex/latex/pdfpages/pppdftex.def
File: pppdftex.def 2022/01/29 v0.5u Pdfpages driver for pdfTeX (AM)
)
\pdfpages@includegraphics@status=\count443
\AM@pagebox=\box135
\AM@global@opts=\toks64
\AM@pagecnt=\count444
\AM@toc@title=\toks65
\c@AM@survey=\count445
\AM@templatesizebox=\box136
) (/usr/local/texlive/2022/texmf-dist/tex/latex/pgf-pie/pgf-pie.sty
Package: pgf-pie 2021/07/30 v0.6 Some LaTeX macros for pie chart by using PGF/Tikz package.
 (/usr/local/texlive/2022/texmf-dist/tex/latex/pgf-pie/tikzlibrarypie.code.tex (/usr/local/texlive/2022/texmf-dist/tex/latex/carlisle/scalefnt.sty)
\pgfpie@angleEnd=\dimen328
\pgfpie@explodeLength=\count446
\pgfpie@colorLength=\count447
\pgfpie@sliceLength=\count448
)) (/usr/local/texlive/2022/texmf-dist/tex/latex/bchart/bchart.sty
Package: bchart 
\bcpos=\skip194
\bcwidth=\skip195
) (/usr/local/texlive/2022/texmf-dist/tex/latex/graphics/rotating.sty
Package: rotating 2016/08/11 v2.16d rotated objects in LaTeX
\c@r@tfl@t=\count449
\rotFPtop=\skip196
\rotFPbot=\skip197
\rot@float@box=\box137
\rot@mess@toks=\toks66
) (/usr/local/texlive/2022/texmf-dist/tex/latex/booktabs/booktabs.sty
Package: booktabs 2020/01/12 v1.61803398 Publication quality tables
\heavyrulewidth=\dimen329
\lightrulewidth=\dimen330
\cmidrulewidth=\dimen331
\belowrulesep=\dimen332
\belowbottomsep=\dimen333
\aboverulesep=\dimen334
\abovetopsep=\dimen335
\cmidrulesep=\dimen336
\cmidrulekern=\dimen337
\defaultaddspace=\dimen338
\@cmidla=\count450
\@cmidlb=\count451
\@aboverulesep=\dimen339
\@belowrulesep=\dimen340
\@thisruleclass=\count452
\@lastruleclass=\count453
\@thisrulewidth=\dimen341
) (/usr/local/texlive/2022/texmf-dist/tex/latex/graphics/lscape.sty
Package: lscape 2020/05/28 v3.02 Landscape Pages (DPC)
) (/usr/local/texlive/2022/texmf-dist/tex/latex/adjustbox/adjustbox.sty
Package: adjustbox 2020/08/19 v1.3 Adjusting TeX boxes (trim, clip, ...)
 (/usr/local/texlive/2022/texmf-dist/tex/latex/adjustbox/adjcalc.sty
Package: adjcalc 2012/05/16 v1.1 Provides advanced setlength with multiple back-ends (calc, etex, pgfmath)
) (/usr/local/texlive/2022/texmf-dist/tex/latex/adjustbox/trimclip.sty
Package: trimclip 2020/08/19 v1.2 Trim and clip general TeX material
 (/usr/local/texlive/2022/texmf-dist/tex/latex/collectbox/collectbox.sty
Package: collectbox 2012/05/17 v0.4b Collect macro arguments as boxes
\collectedbox=\box138
)
\tc@llx=\dimen342
\tc@lly=\dimen343
\tc@urx=\dimen344
\tc@ury=\dimen345
Package trimclip Info: Using driver 'tc-pdftex.def'.
 (/usr/local/texlive/2022/texmf-dist/tex/latex/adjustbox/tc-pdftex.def
File: tc-pdftex.def 2019/01/04 v2.2 Clipping driver for pdftex
))
\adjbox@Width=\dimen346
\adjbox@Height=\dimen347
\adjbox@Depth=\dimen348
\adjbox@Totalheight=\dimen349
\adjbox@pwidth=\dimen350
\adjbox@pheight=\dimen351
\adjbox@pdepth=\dimen352
\adjbox@ptotalheight=\dimen353
 (/usr/local/texlive/2022/texmf-dist/tex/latex/varwidth/varwidth.sty
Package: varwidth 2009/03/30 ver 0.92;  Variable-width minipages
\@vwid@box=\box139
\sift@deathcycles=\count454
\@vwid@loff=\dimen354
\@vwid@roff=\dimen355
)) (/usr/local/texlive/2022/texmf-dist/tex/latex/natbib/natbib.sty
Package: natbib 2010/09/13 8.31b (PWD, AO)


Package natbib Warning: The `cite' package should not be used
(natbib)                with natbib. Use option `sort' instead.

\bibhang=\skip198
\bibsep=\skip199
LaTeX Info: Redefining \cite on input line 694.
LaTeX Info: Redefining \citenum on input line 708.
\c@NAT@ctr=\count455
)
LaTeX Font Info:    Trying to load font information for OT1+ptm on input line 102.
 (/usr/local/texlive/2022/texmf-dist/tex/latex/psnfss/ot1ptm.fd
File: ot1ptm.fd 2001/06/04 font definitions for OT1/ptm.
)

LaTeX Warning: Unused global option(s):
    [makeidx].

(./main.aux
LaTeX Info: Redefining \. on input line 33.
LaTeX Info: Redefining \% on input line 33.
)
\openout1 = `main.aux'.

LaTeX Font Info:    Checking defaults for OML/cmm/m/it on input line 102.
LaTeX Font Info:    ... okay on input line 102.
LaTeX Font Info:    Checking defaults for OMS/cmsy/m/n on input line 102.
LaTeX Font Info:    ... okay on input line 102.
LaTeX Font Info:    Checking defaults for OT1/cmr/m/n on input line 102.
LaTeX Font Info:    ... okay on input line 102.
LaTeX Font Info:    Checking defaults for T1/cmr/m/n on input line 102.
LaTeX Font Info:    ... okay on input line 102.
LaTeX Font Info:    Checking defaults for TS1/cmr/m/n on input line 102.
LaTeX Font Info:    ... okay on input line 102.
LaTeX Font Info:    Checking defaults for OMX/cmex/m/n on input line 102.
LaTeX Font Info:    ... okay on input line 102.
LaTeX Font Info:    Checking defaults for U/cmr/m/n on input line 102.
LaTeX Font Info:    ... okay on input line 102.
LaTeX Font Info:    Checking defaults for PD1/pdf/m/n on input line 102.
LaTeX Font Info:    ... okay on input line 102.
LaTeX Font Info:    Checking defaults for PU/pdf/m/n on input line 102.
LaTeX Font Info:    ... okay on input line 102.
LaTeX Font Info:    Trying to load font information for T1+txss on input line 102.
 (/usr/local/texlive/2022/texmf-dist/tex/latex/txfonts/t1txss.fd
File: t1txss.fd 2000/12/15 v3.1
)
LaTeX Font Info:    Font shape `T1/txss/m/n' will be
(Font)              scaled to size 10.44997pt on input line 102.
LaTeX Info: Redefining \. on input line 102.
LaTeX Info: Redefining \% on input line 102.
Package caption Info: Begin \AtBeginDocument code.
Package caption Info: float package is loaded.
Package caption Info: hyperref package is loaded.
Package caption Info: listings package is loaded.
Package caption Info: longtable package is loaded.
 (/usr/local/texlive/2022/texmf-dist/tex/latex/caption/ltcaption.sty
Package: ltcaption 2021/01/08 v1.4c longtable captions (AR)
)
Package caption Info: rotating package is loaded.
Package caption Info: subfigure package is loaded.
Package caption Info: supertabular package is loaded.
Package caption Info: wrapfig package is loaded.
Package caption Info: End \AtBeginDocument code.
\c@lstlisting=\count456
 (/usr/local/texlive/2022/texmf-dist/tex/context/base/mkii/supp-pdf.mkii
[Loading MPS to PDF converter (version 2006.09.02).]
\scratchcounter=\count457
\scratchdimen=\dimen356
\scratchbox=\box140
\nofMPsegments=\count458
\nofMParguments=\count459
\everyMPshowfont=\toks67
\MPscratchCnt=\count460
\MPscratchDim=\dimen357
\MPnumerator=\count461
\makeMPintoPDFobject=\count462
\everyMPtoPDFconversion=\toks68
) (/usr/local/texlive/2022/texmf-dist/tex/latex/epstopdf-pkg/epstopdf-base.sty
Package: epstopdf-base 2020-01-24 v2.11 Base part for package epstopdf
Package epstopdf-base Info: Redefining graphics rule for `.eps' on input line 485.
 (/usr/local/texlive/2022/texmf-dist/tex/latex/latexconfig/epstopdf-sys.cfg
File: epstopdf-sys.cfg 2010/07/13 v1.3 Configuration of (r)epstopdf for TeX Live
))
Package pgfplots notification 'compat/show suggested version=true': you might benefit from \pgfplotsset{compat=1.18} (current compat level: 1.13).

Package hyperref Info: Link coloring ON on input line 102.
(/usr/local/texlive/2022/texmf-dist/tex/latex/hyperref/nameref.sty
Package: nameref 2021-04-02 v2.47 Cross-referencing by name of section
 (/usr/local/texlive/2022/texmf-dist/tex/latex/refcount/refcount.sty
Package: refcount 2019/12/15 v3.6 Data extraction from label references (HO)
) (/usr/local/texlive/2022/texmf-dist/tex/generic/gettitlestring/gettitlestring.sty
Package: gettitlestring 2019/12/15 v1.6 Cleanup title references (HO)
)
\c@section@level=\count463
)
LaTeX Info: Redefining \ref on input line 102.
LaTeX Info: Redefining \pageref on input line 102.
LaTeX Info: Redefining \nameref on input line 102.
 (./main.out) (./main.out)
\@outlinefile=\write23
\openout6 = `main.out'.


Underfull \vbox (badness 10000) has occurred while \output is active []


Overfull \hbox (433.18774pt too wide) has occurred while \output is active
[]
 []


Underfull \vbox (badness 10000) has occurred while \output is active []


Underfull \hbox (badness 10000) has occurred while \output is active
[]
 []


Underfull \vbox (badness 10000) has occurred while \output is active []


Underfull \hbox (badness 10000) has occurred while \output is active
[]
 []


Underfull \vbox (badness 10000) has occurred while \output is active []


Underfull \hbox (badness 10000) has occurred while \output is active
[]
 []


Underfull \vbox (badness 10000) has occurred while \output is active []


Underfull \hbox (badness 10000) has occurred while \output is active
[]
 []


Underfull \vbox (badness 10000) has occurred while \output is active []


Overfull \hbox (268.87672pt too wide) has occurred while \output is active
[]
 []


Underfull \vbox (badness 10000) has occurred while \output is active []


Overfull \hbox (73.48502pt too wide) has occurred while \output is active
[]
 []

LaTeX Font Info:    Trying to load font information for T1+pxss on input line 102.
(/usr/local/texlive/2022/texmf-dist/tex/latex/pxfonts/t1pxss.fd
File: t1pxss.fd 2000/12/14 v1.0
)
LaTeX Font Info:    Font shape `T1/txss/b/n' in size <11> not available
(Font)              Font shape `T1/txss/bx/n' tried instead on input line 102.
LaTeX Font Info:    Font shape `T1/txss/bx/n' will be
(Font)              scaled to size 10.44997pt on input line 102.
LaTeX Font Info:    Font shape `T1/txss/m/n' will be
(Font)              scaled to size 16.41594pt on input line 102.
LaTeX Font Info:    Font shape `T1/txss/b/n' in size <17.28> not available
(Font)              Font shape `T1/txss/bx/n' tried instead on input line 102.
LaTeX Font Info:    Font shape `T1/txss/bx/n' will be
(Font)              scaled to size 16.41594pt on input line 102.
LaTeX Font Info:    Calculating math sizes for size <11> on input line 102.


LaTeX Font Warning: Font shape `OT1/cmr/m/n' in size <5.5> not available
(Font)              size <5> substituted on input line 102.


LaTeX Font Warning: Font shape `OML/cmm/m/it' in size <5.5> not available
(Font)              size <5> substituted on input line 102.


LaTeX Font Warning: Font shape `OMS/cmsy/m/n' in size <5.5> not available
(Font)              size <5> substituted on input line 102.

LaTeX Font Info:    Trying to load font information for T1+pxr on input line 102.
(/usr/local/texlive/2022/texmf-dist/tex/latex/pxfonts/t1pxr.fd
File: t1pxr.fd 2000/12/14 v1.0
)
LaTeX Font Info:    Font shape `T1/pxr/b/n' in size <25> not available
(Font)              Font shape `T1/pxr/bx/n' tried instead on input line 102.
LaTeX Font Info:    Font shape `T1/txss/m/n' will be
(Font)              scaled to size 11.39996pt on input line 102.
LaTeX Font Info:    Font shape `T1/txss/m/n' will be
(Font)              scaled to size 7.59998pt on input line 102.
LaTeX Font Info:    Trying to load font information for TS1+txss on input line 102.
 (/usr/local/texlive/2022/texmf-dist/tex/latex/txfonts/ts1txss.fd
File: ts1txss.fd 2000/12/15 v3.1
)
LaTeX Font Info:    Font shape `TS1/txss/m/n' will be
(Font)              scaled to size 7.59998pt on input line 102.
\openout6 = `main.mw'.

 [1{/usr/local/texlive/2022/texmf-var/fonts/map/pdftex/updmap/pdftex.map}


 <./logoUAMw.png> <./campusEx.png> <./epsfoto.png>] (./main.mw)
\openout6 = `main.mw'.

\openout6 = `main.xdy'.

\openout6 = `main.mw'.

\openout6 = `main.mw'.

\openout6 = `main.mw'.

\openout6 = `main.mw'.

\openout6 = `main.mw'.

\openout6 = `main.mw'.

\openout6 = `main.mw'.

\openout6 = `main.mw'.

\openout6 = `main.mw'.

\openout6 = `main.mw'.

\openout6 = `main.mw'.

\openout6 = `main.mw'.

\openout6 = `main.mw'.

\openout6 = `main.mw'.

\openout6 = `main.mw'.

\openout6 = `main.mw'.

\openout6 = `main.mw'.

\openout6 = `main.mw'.

\openout6 = `main.mw'.

\openout6 = `main.mw'.

\openout6 = `main.mw'.

\openout6 = `main.mw'.

\openout6 = `main.mw'.

\openout6 = `main.mw'.

\openout6 = `main.mw'.

\openout6 = `main.mw'.

\openout6 = `main.mw'.

\openout6 = `main.mw'.

\openout6 = `main.mw'.

\openout6 = `main.mw'.

\openout6 = `main.mw'.

\openout6 = `main.mw'.

\openout6 = `main.mw'.

\openout6 = `main.mw'.

\openout6 = `main.mw'.

\openout6 = `main.mw'.

\openout6 = `main.mw'.

\openout6 = `main.mw'.

\openout6 = `main.mw'.

\openout6 = `main.mw'.

\openout6 = `main.mw'.

\openout6 = `main.mw'.

\openout6 = `main.mw'.

\openout6 = `main.mw'.

\openout6 = `main.mw'.

\openout6 = `main.mw'.

\openout6 = `main.mw'.

\openout6 = `main.mw'.

\openout6 = `main.mw'.

\openout6 = `main.mw'.

\openout6 = `main.mw'.

\openout6 = `main.mw'.

\openout6 = `main.mw'.

\openout6 = `main.mw'.

\openout6 = `main.mw'.

\openout6 = `main.mw'.

\openout6 = `main.mw'.

\openout6 = `main.mw'.

\openout6 = `main.mw'.

\openout6 = `main.mw'.

\openout6 = `main.mw'.

\openout6 = `main.mw'.

\openout6 = `main.mw'.

\openout6 = `main.mw'.

\openout6 = `main.mw'.

\openout6 = `main.mw'.

\openout6 = `main.mw'.

\openout6 = `main.mw'.

\openout6 = `main.mw'.

\openout6 = `main.mw'.

\openout6 = `main.mw'.

\openout6 = `main.mw'.

\openout6 = `main.mw'.

\openout6 = `main.mw'.

\openout6 = `main.mw'.

\openout6 = `main.mw'.

\openout6 = `main.mw'.

\openout6 = `main.mw'.

\openout6 = `main.mw'.

\openout6 = `main.mw'.

\openout6 = `main.mw'.

\openout6 = `main.mw'.

\openout6 = `main.mw'.

\openout6 = `main.mw'.

\openout6 = `main.mw'.

\openout6 = `main.mw'.

\openout6 = `main.mw'.

\openout6 = `main.mw'.

\openout6 = `main.mw'.

\openout6 = `main.mw'.

\openout6 = `main.mw'.

\openout6 = `main.mw'.

\openout6 = `main.mw'.

\openout6 = `main.mw'.

\openout6 = `main.mw'.

\openout6 = `main.mw'.

\openout6 = `main.mw'.

\openout6 = `main.mw'.

\openout6 = `main.mw'.

\openout6 = `main.mw'.

\openout6 = `main.mw'.

\openout6 = `main.mw'.

\openout6 = `main.mw'.

\openout6 = `main.mw'.

\openout6 = `main.mw'.

\openout6 = `main.mw'.

\openout6 = `main.mw'.

\openout6 = `main.mw'.

\openout6 = `main.mw'.

\openout6 = `main.mw'.

\openout6 = `main.mw'.

\openout6 = `main.mw'.

\openout6 = `main.mw'.

\openout6 = `main.mw'.

\openout6 = `main.mw'.

\openout6 = `main.mw'.

\openout6 = `main.mw'.

\openout6 = `main.mw'.

\openout6 = `main.mw'.

\openout6 = `main.mw'.

\openout6 = `main.mw'.

\openout6 = `main.mw'.

\openout6 = `main.mw'.

\openout6 = `main.mw'.

\openout6 = `main.mw'.

\openout6 = `main.mw'.

\openout6 = `main.mw'.

\openout6 = `main.mw'.

\openout6 = `main.mw'.

\openout6 = `main.mw'.

\openout6 = `main.mw'.

\openout6 = `main.mw'.

\openout6 = `main.mw'.

\openout6 = `main.mw'.

\openout6 = `main.mw'.

\openout6 = `main.mw'.

\openout6 = `main.mw'.

\openout6 = `main.mw'.

\openout6 = `main.mw'.

\openout6 = `main.mw'.

\openout6 = `main.mw'.

\openout6 = `main.mw'.

\openout6 = `main.mw'.

\openout6 = `main.mw'.

\openout6 = `main.mw'.

\openout6 = `main.mw'.

\openout6 = `main.mw'.

\openout6 = `main.mw'.

\openout6 = `main.mw'.

\openout6 = `main.mw'.

\openout6 = `main.mw'.

\openout6 = `main.mw'.

\openout6 = `main.mw'.

\openout6 = `main.mw'.

\openout6 = `main.mw'.

\openout6 = `main.mw'.

\openout6 = `main.mw'.

\openout6 = `main.mw'.

\openout6 = `main.mw'.

\openout6 = `main.mw'.

\openout6 = `main.mw'.

\openout6 = `main.mw'.

\openout6 = `main.mw'.

\openout6 = `main.mw'.

\openout6 = `main.mw'.

\openout6 = `main.mw'.

\openout6 = `main.mw'.

\openout6 = `main.mw'.

\openout6 = `main.mw'.

\openout6 = `main.mw'.

\openout6 = `main.mw'.

\openout6 = `main.mw'.

\openout6 = `main.mw'.

\openout6 = `main.mw'.

\openout6 = `main.mw'.

\openout6 = `main.mw'.

\openout6 = `main.mw'.

\openout6 = `main.mw'.

\openout6 = `main.mw'.

\openout6 = `main.mw'.

\openout6 = `main.mw'.

\openout6 = `main.mw'.

\openout6 = `main.mw'.

\openout6 = `main.mw'.

\openout6 = `main.mw'.

\openout6 = `main.mw'.

\openout6 = `main.mw'.

\openout6 = `main.mw'.

\openout6 = `main.mw'.

\openout6 = `main.mw'.

\openout6 = `main.mw'.

\openout6 = `main.mw'.

\openout6 = `main.mw'.

\openout6 = `main.mw'.

\openout6 = `main.mw'.

\openout6 = `main.mw'.

\openout6 = `main.mw'.

\openout6 = `main.mw'.

\openout6 = `main.mw'.

\openout6 = `main.mw'.

\openout6 = `main.mw'.

\openout6 = `main.mw'.

\openout6 = `main.mw'.

\openout6 = `main.mw'.

\openout6 = `main.mw'.

\openout6 = `main.mw'.

\openout6 = `main.mw'.

\openout6 = `main.mw'.

\openout6 = `main.mw'.

\openout6 = `main.mw'.

\openout6 = `main.mw'.

\openout6 = `main.mw'.

\openout6 = `main.mw'.

\openout6 = `main.mw'.

\openout6 = `main.mw'.

\openout6 = `main.mw'.

\openout6 = `main.mw'.

\openout6 = `main.mw'.

\openout6 = `main.mw'.

\openout6 = `main.mw'.

\openout6 = `main.mw'.

\openout6 = `main.mw'.

\openout6 = `main.mw'.

\openout6 = `main.mw'.

\openout6 = `main.mw'.

\openout6 = `main.mw'.

\openout6 = `main.xdy'.

\openout6 = `main.mw'.

 [2

] (./main.mw)
\openout6 = `main.mw'.

LaTeX Font Info:    Font shape `T1/pxr/b/n' in size <12> not available
(Font)              Font shape `T1/pxr/bx/n' tried instead on input line 102.
LaTeX Font Info:    Font shape `T1/pxr/b/n' in size <14.4> not available
(Font)              Font shape `T1/pxr/bx/n' tried instead on input line 102.
LaTeX Font Info:    Font shape `T1/pxr/b/n' in size <20.74> not available
(Font)              Font shape `T1/pxr/bx/n' tried instead on input line 102.
\openout6 = `main.mw'.

 [3 <./logoEPS.png (PNG copy)> <./logoUAM.png>] (./main.mw)
\openout6 = `main.mw'.



LaTeX Font Warning: Font shape `T1/cmr/b/it' undefined
(Font)              using `T1/cmr/b/n' instead on input line 102.

\openout6 = `main.mw'.

[4] (./main.mw)
\openout6 = `main.mw'.

LaTeX Font Info:    Font shape `T1/pxss/b/sc' in size <32> not available
(Font)              Font shape `T1/pxss/bx/sc' tried instead on input line 102.
 (./init/acknowledgments.tex)
LaTeX Font Info:    Font shape `T1/txss/m/sc' will be
(Font)              scaled to size 10.44997pt on input line 102.
\openout6 = `main.mw'.

 [5

] (./main.mw)
\openout6 = `main.mw'.

\openout6 = `main.mw'.

 [6

] (./main.mw)
\openout6 = `main.mw'.

 (./init/summary.tex)
\openout6 = `main.mw'.

 [7] (./main.mw)
\openout6 = `main.mw'.

\openout6 = `main.mw'.

 [8

] (./main.mw)
\openout6 = `main.mw'.

 (./init/abstract.tex)
\openout6 = `main.mw'.

 [9] (./main.mw)
\openout6 = `main.mw'.

\openout6 = `main.mw'.

 [10

] (./main.mw)
\openout6 = `main.mw'.

 (./main.toc
LaTeX Info: Redefining \. on input line 1.
LaTeX Info: Redefining \% on input line 1.
Package cleveref Info: loaded `spanish' language definitions on input line 1.
)
\tf@toc=\write24
\openout6 = `main.toc'.

\openout6 = `main.mw'.

 [11] (./main.mw)
\openout6 = `main.mw'.

\openout6 = `main.mw'.

 [12

] (./main.mw)
\openout6 = `main.mw'.

 (./main.lof
LaTeX Info: Redefining \. on input line 1.
LaTeX Info: Redefining \% on input line 1.
Package cleveref Info: loaded `spanish' language definitions on input line 1.
)
\tf@lof=\write25
\openout6 = `main.lof'.

 (./main.lot
LaTeX Info: Redefining \. on input line 1.
LaTeX Info: Redefining \% on input line 1.
Package cleveref Info: loaded `spanish' language definitions on input line 1.
)
\tf@lot=\write26
\openout6 = `main.lot'.

 (/usr/local/texlive/2022/texmf-dist/tex/latex/pdflscape/pdflscape.sty
Package: pdflscape 2019/12/05 v0.12 Display of landscape pages in PDF (HO)
Package pdflscape Info: Auto-detected driver: pdftex on input line 81.
)
\openout6 = `main.mw'.

 [13] (./main.mw)
\openout6 = `main.mw'.

\openout6 = `main.mw'.

 [14

] (./main.mw)
\openout6 = `main.mw'.


Cap\'{\i }tulo 1.
(./intro/introduction.tex

Package natbib Warning: Citation `FRA2022' on page 1 undefined on input line 1.

Begining itemize
LaTeX Font Info:    Font shape `T1/txss/m/n' will be
(Font)              scaled to size 8.54997pt on input line 4.
Ending itemize

Underfull \vbox (badness 10000) has occurred while \output is active []


pdfTeX warning (ext4): destination with the same identifier (name{page.1}) has been already used, duplicate ignored
<to be read again> 
                   \relax 
l.13 
     
\openout6 = `main.mw'.

 [1] (./main.mw)
\openout6 = `main.mw'.

\openout6 = `main.mw'.

\openout6 = `main.mw'.



Package natbib Warning: Citation `jorge2021veripol' on page 2 undefined on input line 14.


Package natbib Warning: Citation `pikaramagazine' on page 2 undefined on input line 14.


Package natbib Warning: Citation `thelwall2018gender' on page 2 undefined on input line 16.


Package natbib Warning: Citation `kiritchenko2018examining' on page 2 undefined on input line 16.


Package natbib Warning: Citation `dayanik2021disentangling' on page 2 undefined on input line 16.


Package natbib Warning: Citation `diaz2018addressing' on page 2 undefined on input line 16.


Package natbib Warning: Citation `deshpande2020mitigating' on page 2 undefined on input line 16.


Package natbib Warning: Citation `asyrofi2021biasfinder' on page 2 undefined on input line 16.


Package natbib Warning: Citation `feder2020active' on page 2 undefined on input line 16.

)
LaTeX Info: Redefining \. on input line 107.
LaTeX Info: Redefining \% on input line 107.
Package cleveref Info: loaded `spanish' language definitions on input line 107.

pdfTeX warning (ext4): destination with the same identifier (name{page.2}) has been already used, duplicate ignored
<to be read again> 
                   \relax 
l.107 ...tate of the Art\label{CAP:STATEOFTHEART}}
                                                  {StateOfTheArt/stateoftheart}
\openout6 = `main.mw'.

 [2] (./main.mw)
\openout6 = `main.mw'.

\openout6 = `main.mw'.

\openout6 = `main.mw'.

\openout6 = `main.mw'.

\openout6 = `main.mw'.

\openout6 = `main.mw'.

\openout6 = `main.mw'.


Cap\'{\i }tulo 2.
(./StateOfTheArt/stateoftheart.tex

Package natbib Warning: Citation `mosteller1963inference' on page 3 undefined on input line 1.


Package natbib Warning: Citation `garcia2022psychographic' on page 3 undefined on input line 3.


Package natbib Warning: Citation `espin2022sinai' on page 3 undefined on input line 3.


Package natbib Warning: Citation `surendran2017stylometry' on page 3 undefined on input line 3.


Package natbib Warning: Citation `markov2016adapting' on page 3 undefined on input line 3.


Package natbib Warning: Citation `bougiatiotis2016author' on page 3 undefined on input line 3.


Package natbib Warning: Citation `delmondes2022multi' on page 3 undefined on input line 3.


Package natbib Warning: Citation `radha2022feature' on page 3 undefined on input line 3.


Package natbib Warning: Citation `alroobaea2020decision' on page 3 undefined on input line 3.


Package natbib Warning: Citation `tai2020online' on page 3 undefined on input line 3.


Package natbib Warning: Citation `wu2019neural' on page 3 undefined on input line 3.


Package natbib Warning: Citation `alroobaea2020empirical' on page 3 undefined on input line 3.


Package natbib Warning: Citation `ifrah2015identification' on page 3 undefined on input line 3.


Package natbib Warning: Citation `grivas2015author' on page 3 undefined on input line 3.


Package natbib Warning: Citation `valencia2019bots' on page 3 undefined on input line 3.


Package natbib Warning: Citation `ouni2021toward' on page 3 undefined on input line 3.


Package natbib Warning: Citation `joo2019author' on page 3 undefined on input line 3.


Package natbib Warning: Citation `gomez2019convolutional' on page 3 undefined on input line 3.


Package natbib Warning: Citation `bhargava2013stylometric' on page 3 undefined on input line 5.


Package natbib Warning: Citation `belvisi2020forensic' on page 3 undefined on input line 5.


Package natbib Warning: Citation `delmondes2022multi' on page 3 undefined on input line 7.


Package natbib Warning: Citation `radha2022feature' on page 3 undefined on input line 7.


Package natbib Warning: Citation `tai2020online' on page 3 undefined on input line 7.


Package natbib Warning: Citation `raghunadha2020author' on page 3 undefined on input line 7.


Package natbib Warning: Citation `moze2019profiling' on page 3 undefined on input line 7.


Package natbib Warning: Citation `dayanik2021disentangling' on page 3 undefined on input line 7.


Package natbib Warning: Citation `escobar2021gender' on page 3 undefined on input line 7.


Underfull \vbox (badness 10000) has occurred while \output is active []


pdfTeX warning (ext4): destination with the same identifier (name{page.3}) has been already used, duplicate ignored
<to be read again> 
                   \relax 
l.8 
    
\openout6 = `main.mw'.

 [3

] (./main.mw)
\openout6 = `main.mw'.

\openout6 = `main.mw'.

\openout6 = `main.mw'.

\openout6 = `main.mw'.

\openout6 = `main.mw'.



Package natbib Warning: Citation `emmery2021adversarial' on page 4 undefined on input line 9.


Package natbib Warning: Citation `dayanik2021disentangling' on page 4 undefined on input line 9.


Package natbib Warning: Citation `lozano2020nueva' on page 4 undefined on input line 11.

LaTeX Font Info:    Font shape `T1/txss/m/it' in size <11> not available
(Font)              Font shape `T1/txss/m/sl' tried instead on input line 11.
LaTeX Font Info:    Font shape `T1/txss/m/sl' will be
(Font)              scaled to size 10.44997pt on input line 11.

Package natbib Warning: Citation `RUIZ-CORNEJO2022' on page 4 undefined on input line 11.


Package natbib Warning: Citation `ouni2021toward' on page 4 undefined on input line 13.


Package natbib Warning: Citation `raghunadha2020author' on page 4 undefined on input line 13.


Package natbib Warning: Citation `gomez2019convolutional' on page 4 undefined on input line 13.


Package natbib Warning: Citation `wanner2017relevance' on page 4 undefined on input line 13.


Package natbib Warning: Citation `grivas2015author' on page 4 undefined on input line 13.


Package natbib Warning: Citation `surendran2017stylometry' on page 4 undefined on input line 13.


Package natbib Warning: Citation `gomez2019convolutional' on page 4 undefined on input line 13.

LaTeX Font Info:    Font shape `T1/txss/b/n' in size <9> not available
(Font)              Font shape `T1/txss/bx/n' tried instead on input line 21.
LaTeX Font Info:    Font shape `T1/txss/bx/n' will be
(Font)              scaled to size 8.54997pt on input line 21.

Underfull \hbox (badness 10000) in paragraph at lines 24--24
[]|\T1/txss/bx/n/9 Demographic
 []


Overfull \hbox (5.44652pt too wide) in paragraph at lines 24--24
[]|\T1/txss/bx/n/9 Classifier| 
 []


Overfull \hbox (22.6341pt too wide) in alignment at lines 20--27
 [] [] [] [] [] [] [] 
 []


Underfull \hbox (badness 10000) in paragraph at lines 32--32
[]|\T1/txss/bx/n/9 Demographic
 []


Overfull \hbox (5.44652pt too wide) in paragraph at lines 32--32
[]|\T1/txss/bx/n/9 Classifier| 
 []


Overfull \hbox (22.6341pt too wide) in alignment at lines 27--35
 [] [] [] [] [] [] [] 
 []


Overfull \hbox (22.6341pt too wide) in alignment at lines 35--37
 [] [] [] [] [] [] [] 
 []


Overfull \hbox (22.6341pt too wide) in alignment at lines 37--39
 [] [] [] [] [] [] [] 
 []


Package natbib Warning: Citation `garcia2022psychographic' on page 4 undefined on input line 40.


Underfull \hbox (badness 10000) in paragraph at lines 41--44
\T1/txss/m/n/9 Political ideo-
 []


Underfull \hbox (badness 10000) in paragraph at lines 45--48
\T1/txss/m/n/9 Remove non-
 []


Underfull \hbox (badness 1484) in paragraph at lines 48--51
[]|\T1/txss/m/n/9 N-gram ba-sed fea-tu-
 []


Underfull \hbox (badness 10000) in paragraph at lines 48--51
\T1/txss/m/n/9 Embeddings-based
 []


Underfull \hbox (badness 10000) in paragraph at lines 54--57
[]|\T1/txss/m/n/9 Gender: 72.02
 []


Underfull \hbox (badness 10000) in paragraph at lines 54--57
\T1/txss/m/n/9 Age: 46.68 (Bi-
 []


Package natbib Warning: Citation `espin2022sinai' on page 4 undefined on input line 58.


Underfull \hbox (badness 10000) in paragraph at lines 59--62
\T1/txss/m/n/9 Political ideo-
 []


Underfull \hbox (badness 10000) in paragraph at lines 64--67
\T1/txss/m/n/9 RoBERTa em-bed-
 []


Package natbib Warning: Citation `ouni2021toward' on page 4 undefined on input line 74.


Underfull \hbox (badness 10000) in paragraph at lines 88--90
[]|\T1/txss/m/n/9 Gender: 88.88
 []


Package natbib Warning: Citation `raghunadha2020author' on page 4 undefined on input line 91.


Underfull \hbox (badness 10000) in paragraph at lines 93--94
[]|\T1/txss/m/n/9 Hotel re-
 []


Underfull \hbox (badness 10000) in paragraph at lines 94--97
\T1/txss/m/n/9 Remove pun-ctua-tion
 []


Underfull \hbox (badness 6110) in paragraph at lines 101--103
\T1/txss/m/n/9 terms and 3000
 []


Package natbib Warning: Citation `escobar2021gender' on page 4 undefined on input line 104.


Underfull \hbox (badness 10000) in paragraph at lines 110--114
\T1/txss/m/n/9 Morphological fea-tu-
 []


Underfull \hbox (badness 10000) in paragraph at lines 110--114
\T1/txss/m/n/9 Character-based
 []


Package natbib Warning: Citation `joo2019author' on page 4 undefined on input line 118.


Package natbib Warning: Citation `valencia2019bots' on page 4 undefined on input line 133.


Underfull \hbox (badness 7273) in paragraph at lines 137--141
[]|\T1/txss/m/n/9 Replace emo-jis, URL,
 []


Underfull \hbox (badness 3713) in paragraph at lines 137--141
\T1/txss/m/n/9 men-tions, spe-cial cha-
 []


Package natbib Warning: Citation `gomez2019convolutional' on page 4 undefined on input line 148.


Underfull \hbox (badness 3333) in paragraph at lines 149--151
\T1/txss/m/n/9 Language va-
 []


Underfull \hbox (badness 7273) in paragraph at lines 152--155
\T1/txss/m/n/9 Replace emo-jis, URL,
 []


Underfull \hbox (badness 1852) in paragraph at lines 152--155
\T1/txss/m/n/9 hash-tags and num-bers
 []


Underfull \hbox (badness 10000) in paragraph at lines 161--164
[]|\T1/txss/m/n/9 Gender: 75.61
 []


Underfull \hbox (badness 2302) in paragraph at lines 161--164
\T1/txss/m/n/9 94.16 (SVM with
 []


Underfull \hbox (badness 10000) in paragraph at lines 161--164
\T1/txss/m/n/9 com-bi-na-tion of
 []


Package natbib Warning: Citation `wanner2017relevance' on page 4 undefined on input line 165.


Underfull \hbox (badness 3229) in paragraph at lines 169--175
[]|\T1/txss/m/n/9 Character-based fea-
 []


Underfull \hbox (badness 6978) in paragraph at lines 169--175
\T1/txss/m/n/9 Sentence-based fea-
 []


Underfull \hbox (badness 1783) in paragraph at lines 169--175
\T1/txss/m/n/9 Dictionary-based fea-
 []


Underfull \hbox (badness 10000) in paragraph at lines 176--178
[]|\T1/txss/m/n/9 Gender: 88.94
 []


Underfull \hbox (badness 10000) in paragraph at lines 176--178
\T1/txss/m/n/9 (syn-tac-tic fea-tu-
 []


Package natbib Warning: Citation `surendran2017stylometry' on page 4 undefined on input line 179.


Underfull \hbox (badness 3229) in paragraph at lines 184--190
[]|\T1/txss/m/n/9 Character-based fea-
 []


Underfull \hbox (badness 10000) in paragraph at lines 195--198
[]|\T1/txss/m/n/9 Gender: 97.7
 []


Package natbib Warning: Citation `pearce2016use' on page 4 undefined on input line 199.


Underfull \hbox (badness 3229) in paragraph at lines 203--209
[]|\T1/txss/m/n/9 Character-based fea-
 []


Underfull \hbox (badness 6978) in paragraph at lines 203--209
\T1/txss/m/n/9 Sentence-based fea-
 []


Underfull \hbox (badness 10000) in paragraph at lines 210--212
[]|\T1/txss/m/n/9 Gender: 71.23
 []


Underfull \hbox (badness 10000) in paragraph at lines 210--212
\T1/txss/m/n/9 (Character-based
 []


Package natbib Warning: Citation `bougiatiotis2016author' on page 4 undefined on input line 213.


Underfull \hbox (badness 4132) in paragraph at lines 217--220
\T1/txss/m/n/9 Remove emo-jis, hash-
 []


Underfull \hbox (badness 10000) in paragraph at lines 217--220
\T1/txss/m/n/9 Remove all non-letter
 []


Underfull \hbox (badness 10000) in paragraph at lines 227--230
[]|\T1/txss/m/n/9 Gender: 75 (N-
 []


Underfull \hbox (badness 10000) in paragraph at lines 227--230
\T1/txss/m/n/9 grams com-bi-ned
 []


Underfull \hbox (badness 10000) in paragraph at lines 227--230
\T1/txss/m/n/9 with weighed
 []


Package natbib Warning: Citation `modaresi2016exploring' on page 4 undefined on input line 231.


Underfull \hbox (badness 10000) in paragraph at lines 235--239
\T1/txss/m/n/9 Remove all non-
 []


Underfull \hbox (badness 5490) in paragraph at lines 239--244
[]|\T1/txss/m/n/9 Word uni-grams that
 []


Package natbib Warning: Citation `markov2016adapting' on page 4 undefined on input line 249.


Underfull \hbox (badness 1997) in paragraph at lines 253--255
\T1/txss/m/n/9 men-tions, pic-tu-re links,
 []


Underfull \hbox (badness 6808) in paragraph at lines 258--261
[]|\T1/txss/m/n/9 Gender: 66 ([]LR
 []


Package natbib Warning: Citation `ifrah2015identification' on page 4 undefined on input line 262.


Underfull \hbox (badness 10000) in paragraph at lines 263--266
\T1/txss/m/n/9 Personality
 []


Package natbib Warning: Citation `grivas2015author' on page 4 undefined on input line 277.


Underfull \hbox (badness 10000) in paragraph at lines 278--281
\T1/txss/m/n/9 Personality
 []


Underfull \hbox (badness 10000) in paragraph at lines 282--285
\T1/txss/m/n/9 Remove HTML tags,
 []


Underfull \hbox (badness 10000) in paragraph at lines 282--285
\T1/txss/m/n/9 hash-tags, URL, men-
 []


Package natbib Warning: Citation `bartoli2015author' on page 4 undefined on input line 292.


Underfull \hbox (badness 10000) in paragraph at lines 293--296
\T1/txss/m/n/9 Personality
 []


Underfull \hbox (badness 4108) in paragraph at lines 298--300
\T1/txss/m/n/9 Content-based fea-tu-
 []


Package natbib Warning: Citation `bhargava2013stylometric' on page 4 undefined on input line 306.


Overfull \hbox (22.6341pt too wide) in alignment at lines 39--316
 [] [] [] [] [] [] [] 
 []

LaTeX Info: Redefining \. on input line 316.
LaTeX Info: Redefining \% on input line 316.
Package cleveref Info: loaded `spanish' language definitions on input line 316.

pdfTeX warning (ext4): destination with the same identifier (name{page.4}) has been already used, duplicate ignored
<to be read again> 
                   \relax 
l.316 \end{longtable}
                     
\openout6 = `main.mw'.

 [4] (./main.mw)
\openout6 = `main.mw'.

\openout6 = `main.mw'.

\openout6 = `main.mw'.

\openout6 = `main.mw'.

\openout6 = `main.mw'.

\openout6 = `main.mw'.

\openout6 = `main.mw'.

\openout6 = `main.mw'.

\openout6 = `main.mw'.

\openout6 = `main.mw'.

\openout6 = `main.mw'.

\openout6 = `main.mw'.

\openout6 = `main.mw'.

\openout6 = `main.mw'.

\openout6 = `main.mw'.

\openout6 = `main.mw'.

\openout6 = `main.mw'.

\openout6 = `main.mw'.

\openout6 = `main.mw'.

\openout6 = `main.mw'.

\openout6 = `main.mw'.

\openout6 = `main.mw'.

 [5] (./main.mw)
\openout6 = `main.mw'.

\openout6 = `main.mw'.

\openout6 = `main.mw'.

\openout6 = `main.mw'.

\openout6 = `main.mw'.

\openout6 = `main.mw'.

\openout6 = `main.mw'.

\openout6 = `main.mw'.

\openout6 = `main.mw'.

\openout6 = `main.mw'.

\openout6 = `main.mw'.

\openout6 = `main.mw'.

\openout6 = `main.mw'.

\openout6 = `main.mw'.

\openout6 = `main.mw'.

\openout6 = `main.mw'.

\openout6 = `main.mw'.

\openout6 = `main.mw'.

\openout6 = `main.mw'.

\openout6 = `main.mw'.

\openout6 = `main.mw'.

\openout6 = `main.mw'.

\openout6 = `main.mw'.

\openout6 = `main.mw'.

\openout6 = `main.mw'.

\openout6 = `main.mw'.

\openout6 = `main.mw'.

\openout6 = `main.mw'.

\openout6 = `main.mw'.

LaTeX Info: Redefining \. on input line 316.
LaTeX Info: Redefining \% on input line 316.
Package cleveref Info: loaded `spanish' language definitions on input line 316.
\openout6 = `main.mw'.

 [6] (./main.mw)
\openout6 = `main.mw'.

\openout6 = `main.mw'.

\openout6 = `main.mw'.

\openout6 = `main.mw'.

\openout6 = `main.mw'.

\openout6 = `main.mw'.

\openout6 = `main.mw'.

\openout6 = `main.mw'.

\openout6 = `main.mw'.

\openout6 = `main.mw'.

\openout6 = `main.mw'.

\openout6 = `main.mw'.

\openout6 = `main.mw'.

\openout6 = `main.mw'.

\openout6 = `main.mw'.

\openout6 = `main.mw'.

\openout6 = `main.mw'.

\openout6 = `main.mw'.

\openout6 = `main.mw'.

\openout6 = `main.mw'.

\openout6 = `main.mw'.

\openout6 = `main.mw'.

\openout6 = `main.mw'.

\openout6 = `main.mw'.

\openout6 = `main.mw'.

)
\openout6 = `main.mw'.

 [7] (./main.mw)
\openout6 = `main.mw'.

\openout6 = `main.mw'.

\openout6 = `main.mw'.

\openout6 = `main.mw'.

\openout6 = `main.mw'.

\openout6 = `main.mw'.

\openout6 = `main.mw'.

\openout6 = `main.mw'.

\openout6 = `main.mw'.

\openout6 = `main.mw'.

\openout6 = `main.mw'.

\openout6 = `main.mw'.

\openout6 = `main.mw'.

\openout6 = `main.mw'.

\openout6 = `main.mw'.

\openout6 = `main.mw'.

\openout6 = `main.mw'.

\openout6 = `main.mw'.

\openout6 = `main.mw'.

\openout6 = `main.mw'.

\openout6 = `main.mw'.

\openout6 = `main.mw'.

\openout6 = `main.mw'.

\openout6 = `main.mw'.

\openout6 = `main.mw'.

\openout6 = `main.mw'.

\openout6 = `main.mw'.

\openout6 = `main.mw'.

 [8

] (./main.mw)
\openout6 = `main.mw'.


Cap\'{\i }tulo 3.
(./Methods/datasets.tex
LaTeX Font Info:    Font shape `T1/txss/b/n' in size <14.4> not available
(Font)              Font shape `T1/txss/bx/n' tried instead on input line 6.
LaTeX Font Info:    Font shape `T1/txss/bx/n' will be
(Font)              scaled to size 13.67995pt on input line 6.

Begining itemize
Ending itemize

LaTeX Warning: `h' float specifier changed to `ht'.

Begining itemize
\openout6 = `main.mw'.

[9] (./main.mw)
\openout6 = `main.mw'.

\openout6 = `main.mw'.

\openout6 = `main.mw'.

\openout6 = `main.mw'.

\openout6 = `main.mw'.

\openout6 = `main.mw'.

\openout6 = `main.mw'.


Ending itemize
) (./Methods/dataPreprocessing.tex
LaTeX Font Info:    Font shape `T1/txss/m/it' in size <8> not available
(Font)              Font shape `T1/txss/m/sl' tried instead on input line 6.
LaTeX Font Info:    Font shape `T1/txss/m/sl' will be
(Font)              scaled to size 7.59998pt on input line 6.

Begining itemize
LaTeX Info: Redefining \. on input line 7.
LaTeX Info: Redefining \% on input line 7.
Package cleveref Info: loaded `spanish' language definitions on input line 7.
\openout6 = `main.mw'.

[10] (./main.mw)
\openout6 = `main.mw'.

\openout6 = `main.mw'.

\openout6 = `main.mw'.

\openout6 = `main.mw'.

\openout6 = `main.mw'.

\openout6 = `main.mw'.

\openout6 = `main.mw'.


Ending itemize
) (./Methods/featureExtraction.tex
LaTeX Info: Redefining \. on input line 71.
LaTeX Info: Redefining \% on input line 71.
Package cleveref Info: loaded `spanish' language definitions on input line 71.
\openout6 = `main.mw'.

 [11] (./main.mw)
\openout6 = `main.mw'.

\openout6 = `main.mw'.

\openout6 = `main.mw'.

\openout6 = `main.mw'.

\openout6 = `main.mw'.

\openout6 = `main.mw'.

\openout6 = `main.mw'.


Begining itemize
Ending itemize

Package natbib Warning: Citation `garcia2022psychographic' on page 12 undefined on input line 85.

LaTeX Info: Redefining \. on input line 86.
LaTeX Info: Redefining \% on input line 86.
Package cleveref Info: loaded `spanish' language definitions on input line 86.
\openout6 = `main.mw'.

[12] (./main.mw)
\openout6 = `main.mw'.

\openout6 = `main.mw'.

\openout6 = `main.mw'.

)
No file main.gls.
LaTeX Info: Redefining \. on input line 115.
LaTeX Info: Redefining \% on input line 115.
Package cleveref Info: loaded `spanish' language definitions on input line 115.
\openout6 = `main.mw'.

[13] (./main.mw)
\openout6 = `main.mw'.

\openout6 = `main.mw'.

\openout6 = `main.mw'.

\openout6 = `main.mw'.

\openout6 = `main.mw'.

\openout6 = `main.mw'.

\openout6 = `main.mw'.


No file main.bbl.
No file main.gls.
LaTeX Info: Redefining \. on input line 115.
LaTeX Info: Redefining \% on input line 115.
Package cleveref Info: loaded `spanish' language definitions on input line 115.
\openout6 = `main.mw'.

[14

] (./main.mw)
\openout6 = `main.mw'.

\openout6 = `main.mw'.

\openout6 = `main.mw'.


No file main.ind.
\openout6 = `main.mw'.

[15


] (./main.mw)
\openout6 = `main.mw'.



Package natbib Warning: There were undefined citations.


Underfull \vbox (badness 10000) has occurred while \output is active []


Underfull \hbox (badness 10000) has occurred while \output is active
[]
 []


Underfull \vbox (badness 10000) has occurred while \output is active []


Overfull \hbox (173.27327pt too wide) has occurred while \output is active
[]
 []


Underfull \vbox (badness 10000) has occurred while \output is active []


Underfull \hbox (badness 10000) has occurred while \output is active
[]
 []

\openout6 = `main.mw'.

[16 <./logoUAMw.png>] (./main.mw)
\openout6 = `main.mw'.

 (./main.aux
LaTeX Info: Redefining \. on input line 33.
LaTeX Info: Redefining \% on input line 33.
Package cleveref Info: loaded `spanish' language definitions on input line 33.
\openout6 = `main.mw'.

\openout6 = `main.mw'.

\openout6 = `main.mw'.

\openout6 = `main.mw'.

\openout6 = `main.mw'.

\openout6 = `main.mw'.

\openout6 = `main.mw'.

\openout6 = `main.mw'.

\openout6 = `main.mw'.

\openout6 = `main.mw'.

\openout6 = `main.mw'.

\openout6 = `main.mw'.

\openout6 = `main.mw'.

\openout6 = `main.mw'.

\openout6 = `main.mw'.

\openout6 = `main.mw'.

\openout6 = `main.mw'.

\openout6 = `main.mw'.

\openout6 = `main.mw'.

\openout6 = `main.mw'.

\openout6 = `main.mw'.

\openout6 = `main.mw'.

\openout6 = `main.mw'.

\openout6 = `main.mw'.

\openout6 = `main.mw'.

\openout6 = `main.mw'.

\openout6 = `main.mw'.

\openout6 = `main.mw'.

\openout6 = `main.mw'.

\openout6 = `main.mw'.

\openout6 = `main.mw'.

\openout6 = `main.mw'.

\openout6 = `main.mw'.

\openout6 = `main.mw'.

\openout6 = `main.mw'.

\openout6 = `main.mw'.

\openout6 = `main.mw'.

\openout6 = `main.mw'.

\openout6 = `main.mw'.

\openout6 = `main.mw'.

\openout6 = `main.mw'.

\openout6 = `main.mw'.

\openout6 = `main.mw'.

\openout6 = `main.mw'.

\openout6 = `main.mw'.

\openout6 = `main.mw'.

\openout6 = `main.mw'.

\openout6 = `main.mw'.

\openout6 = `main.mw'.

\openout6 = `main.mw'.

)

LaTeX Font Warning: Size substitutions with differences
(Font)              up to 0.5pt have occurred.


LaTeX Font Warning: Some font shapes were not available, defaults substituted.

\openout6 = `main.out'.

Package rerunfilecheck Info: File `main.out' has not changed.
(rerunfilecheck)             Checksum: C91C9EC9039806F327656D65163745EB;863.
\openout6 = `main.idx'.

\openout6 = `main.glo'.

\openout6 = `main.acn'.

\openout6 = `main.toc'.

\openout6 = `main.lof'.

\openout6 = `main.lot'.

 ) 
Here is how much of TeX's memory you used:
 53625 strings out of 478268
 1184173 string characters out of 5846348
 1855375 words of memory out of 5000000
 70736 multiletter control sequences out of 15000+600000
 543802 words of font info for 125 fonts, out of 8000000 for 9000
 1141 hyphenation exceptions out of 8191
 106i,10n,105p,1684b,959s stack positions out of 10000i,1000n,20000p,200000b,200000s
{/usr/local/texlive/2022/texmf-dist/fonts/enc/dvips/base/8r.enc}{/usr/local/texlive/2022/texmf-dist/fonts/enc/dvips/cm-super/cm-super-ts1.enc}{/usr/local/texlive/2022/texmf-dist/fonts/enc/dvips/cm-super/cm-super-t1.enc}</usr/local/texlive/2022/texmf-dist/fonts/type1/public/amsfonts/cm/cmmi6.pfb></usr/local/texlive/2022/texmf-dist/fonts/type1/public/amsfonts/cm/cmsy9.pfb></usr/local/texlive/2022/texmf-dist/fonts/type1/public/pxfonts/rpxb.pfb></usr/local/texlive/2022/texmf-dist/fonts/type1/public/txfonts/rtxbsssc.pfb></usr/local/texlive/2022/texmf-dist/fonts/type1/public/txfonts/rtxsssc.pfb></usr/local/texlive/2022/texmf-dist/fonts/type1/public/cm-super/sfrb0800.pfb></usr/local/texlive/2022/texmf-dist/fonts/type1/public/cm-super/sfrm0800.pfb></usr/local/texlive/2022/texmf-dist/fonts/type1/public/cm-super/sfti0800.pfb></usr/local/texlive/2022/texmf-dist/fonts/type1/urw/helvetic/uhvb8a.pfb></usr/local/texlive/2022/texmf-dist/fonts/type1/urw/helvetic/uhvr8a.pfb></usr/local/texlive/2022/texmf-dist/fonts/type1/urw/helvetic/uhvr8a.pfb></usr/local/texlive/2022/texmf-dist/fonts/type1/urw/palatino/uplb8a.pfb></usr/local/texlive/2022/texmf-dist/fonts/type1/urw/times/utmb8a.pfb>
Output written on main.pdf (30 pages, 1649704 bytes).
PDF statistics:
 317 PDF objects out of 1000 (max. 8388607)
 245 compressed objects within 3 object streams
 52 named destinations out of 1000 (max. 500000)
 155 words of extra memory for PDF output out of 10000 (max. 10000000)

